[25-Aug-2016 05:18:39 UTC] PHP Fatal error:  Call to undefined function assets_secure() in /home/ubuntu/workspace/blogcf/storage/framework/views/76ee978405b654be73dc9a8f9c2c54b8ba410bb2.php on line 6
[25-Aug-2016 05:18:39 UTC] PHP Stack trace:
[25-Aug-2016 05:18:39 UTC] PHP   1. {main}() /home/ubuntu/workspace/blogcf/public/index.php:0
[25-Aug-2016 05:18:39 UTC] PHP   2. Illuminate\Foundation\Http\Kernel->handle() /home/ubuntu/workspace/blogcf/public/index.php:54
[25-Aug-2016 05:18:39 UTC] PHP   3. Illuminate\Foundation\Http\Kernel->sendRequestThroughRouter() /home/ubuntu/workspace/blogcf/vendor/laravel/framework/src/Illuminate/Foundation/Http/Kernel.php:99
[25-Aug-2016 05:18:39 UTC] PHP   4. Illuminate\Pipeline\Pipeline->then() /home/ubuntu/workspace/blogcf/vendor/laravel/framework/src/Illuminate/Foundation/Http/Kernel.php:132
[25-Aug-2016 05:18:39 UTC] PHP   5. call_user_func:{/home/ubuntu/workspace/blogcf/vendor/laravel/framework/src/Illuminate/Pipeline/Pipeline.php:103}() /home/ubuntu/workspace/blogcf/vendor/laravel/framework/src/Illuminate/Pipeline/Pipeline.php:103
[25-Aug-2016 05:18:39 UTC] PHP   6. Illuminate\Routing\Pipeline->Illuminate\Routing\{closure}() /home/ubuntu/workspace/blogcf/vendor/laravel/framework/src/Illuminate/Pipeline/Pipeline.php:103
[25-Aug-2016 05:18:39 UTC] PHP   7. call_user_func:{/home/ubuntu/workspace/blogcf/vendor/laravel/framework/src/Illuminate/Routing/Pipeline.php:32}() /home/ubuntu/workspace/blogcf/vendor/laravel/framework/src/Illuminate/Routing/Pipeline.php:32
[25-Aug-2016 05:18:39 UTC] PHP   8. Illuminate\Pipeline\Pipeline->Illuminate\Pipeline\{closure}() /home/ubuntu/workspace/blogcf/vendor/laravel/framework/src/Illuminate/Routing/Pipeline.php:32
[25-Aug-2016 05:18:39 UTC] PHP   9. call_user_func_array:{/home/ubuntu/workspace/blogcf/vendor/laravel/framework/src/Illuminate/Pipeline/Pipeline.php:136}() /home/ubuntu/workspace/blogcf/vendor/laravel/framework/src/Illuminate/Pipeline/Pipeline.php:136
[25-Aug-2016 05:18:39 UTC] PHP  10. Illuminate\Foundation\Http\Middleware\CheckForMaintenanceMode->handle() /home/ubuntu/workspace/blogcf/vendor/laravel/framework/src/Illuminate/Pipeline/Pipeline.php:136
[25-Aug-2016 05:18:39 UTC] PHP  11. Illuminate\Routing\Pipeline->Illuminate\Routing\{closure}() /home/ubuntu/workspace/blogcf/vendor/laravel/framework/src/Illuminate/Foundation/Http/Middleware/CheckForMaintenanceMode.php:44
[25-Aug-2016 05:18:39 UTC] PHP  12. call_user_func:{/home/ubuntu/workspace/blogcf/vendor/laravel/framework/src/Illuminate/Routing/Pipeline.php:52}() /home/ubuntu/workspace/blogcf/vendor/laravel/framework/src/Illuminate/Routing/Pipeline.php:52
[25-Aug-2016 05:18:39 UTC] PHP  13. Illuminate\Foundation\Http\Kernel->Illuminate\Foundation\Http\{closure}() /home/ubuntu/workspace/blogcf/vendor/laravel/framework/src/Illuminate/Routing/Pipeline.php:52
[25-Aug-2016 05:18:39 UTC] PHP  14. Illuminate\Routing\Router->dispatch() /home/ubuntu/workspace/blogcf/vendor/laravel/framework/src/Illuminate/Foundation/Http/Kernel.php:246
[25-Aug-2016 05:18:39 UTC] PHP  15. Illuminate\Routing\Router->dispatchToRoute() /home/ubuntu/workspace/blogcf/vendor/laravel/framework/src/Illuminate/Routing/Router.php:675
[25-Aug-2016 05:18:39 UTC] PHP  16. Illuminate\Routing\Router->runRouteWithinStack() /home/ubuntu/workspace/blogcf/vendor/laravel/framework/src/Illuminate/Routing/Router.php:699
[25-Aug-2016 05:18:39 UTC] PHP  17. Illuminate\Pipeline\Pipeline->then() /home/ubuntu/workspace/blogcf/vendor/laravel/framework/src/Illuminate/Routing/Router.php:726
[25-Aug-2016 05:18:39 UTC] PHP  18. call_user_func:{/home/ubuntu/workspace/blogcf/vendor/laravel/framework/src/Illuminate/Pipeline/Pipeline.php:103}() /home/ubuntu/workspace/blogcf/vendor/laravel/framework/src/Illuminate/Pipeline/Pipeline.php:103
[25-Aug-2016 05:18:39 UTC] PHP  19. Illuminate\Routing\Pipeline->Illuminate\Routing\{closure}() /home/ubuntu/workspace/blogcf/vendor/laravel/framework/src/Illuminate/Pipeline/Pipeline.php:103
[25-Aug-2016 05:18:39 UTC] PHP  20. call_user_func:{/home/ubuntu/workspace/blogcf/vendor/laravel/framework/src/Illuminate/Routing/Pipeline.php:32}() /home/ubuntu/workspace/blogcf/vendor/laravel/framework/src/Illuminate/Routing/Pipeline.php:32
[25-Aug-2016 05:18:39 UTC] PHP  21. Illuminate\Pipeline\Pipeline->Illuminate\Pipeline\{closure}() /home/ubuntu/workspace/blogcf/vendor/laravel/framework/src/Illuminate/Routing/Pipeline.php:32
[25-Aug-2016 05:18:39 UTC] PHP  22. call_user_func_array:{/home/ubuntu/workspace/blogcf/vendor/laravel/framework/src/Illuminate/Pipeline/Pipeline.php:136}() /home/ubuntu/workspace/blogcf/vendor/laravel/framework/src/Illuminate/Pipeline/Pipeline.php:136
[25-Aug-2016 05:18:39 UTC] PHP  23. Illuminate\Cookie\Middleware\EncryptCookies->handle() /home/ubuntu/workspace/blogcf/vendor/laravel/framework/src/Illuminate/Pipeline/Pipeline.php:136
[25-Aug-2016 05:18:39 UTC] PHP  24. Illuminate\Routing\Pipeline->Illuminate\Routing\{closure}() /home/ubuntu/workspace/blogcf/vendor/laravel/framework/src/Illuminate/Cookie/Middleware/EncryptCookies.php:59
[25-Aug-2016 05:18:39 UTC] PHP  25. call_user_func:{/home/ubuntu/workspace/blogcf/vendor/laravel/framework/src/Illuminate/Routing/Pipeline.php:32}() /home/ubuntu/workspace/blogcf/vendor/laravel/framework/src/Illuminate/Routing/Pipeline.php:32
[25-Aug-2016 05:18:39 UTC] PHP  26. Illuminate\Pipeline\Pipeline->Illuminate\Pipeline\{closure}() /home/ubuntu/workspace/blogcf/vendor/laravel/framework/src/Illuminate/Routing/Pipeline.php:32
[25-Aug-2016 05:18:39 UTC] PHP  27. call_user_func_array:{/home/ubuntu/workspace/blogcf/vendor/laravel/framework/src/Illuminate/Pipeline/Pipeline.php:136}() /home/ubuntu/workspace/blogcf/vendor/laravel/framework/src/Illuminate/Pipeline/Pipeline.php:136
[25-Aug-2016 05:18:39 UTC] PHP  28. Illuminate\Cookie\Middleware\AddQueuedCookiesToResponse->handle() /home/ubuntu/workspace/blogcf/vendor/laravel/framework/src/Illuminate/Pipeline/Pipeline.php:136
[25-Aug-2016 05:18:39 UTC] PHP  29. Illuminate\Routing\Pipeline->Illuminate\Routing\{closure}() /home/ubuntu/workspace/blogcf/vendor/laravel/framework/src/Illuminate/Cookie/Middleware/AddQueuedCookiesToResponse.php:37
[25-Aug-2016 05:18:39 UTC] PHP  30. call_user_func:{/home/ubuntu/workspace/blogcf/vendor/laravel/framework/src/Illuminate/Routing/Pipeline.php:32}() /home/ubuntu/workspace/blogcf/vendor/laravel/framework/src/Illuminate/Routing/Pipeline.php:32
[25-Aug-2016 05:18:39 UTC] PHP  31. Illuminate\Pipeline\Pipeline->Illuminate\Pipeline\{closure}() /home/ubuntu/workspace/blogcf/vendor/laravel/framework/src/Illuminate/Routing/Pipeline.php:32
[25-Aug-2016 05:18:39 UTC] PHP  32. call_user_func_array:{/home/ubuntu/workspace/blogcf/vendor/laravel/framework/src/Illuminate/Pipeline/Pipeline.php:136}() /home/ubuntu/workspace/blogcf/vendor/laravel/framework/src/Illuminate/Pipeline/Pipeline.php:136
[25-Aug-2016 05:18:39 UTC] PHP  33. Illuminate\Session\Middleware\StartSession->handle() /home/ubuntu/workspace/blogcf/vendor/laravel/framework/src/Illuminate/Pipeline/Pipeline.php:136
[25-Aug-2016 05:18:39 UTC] PHP  34. Illuminate\Routing\Pipeline->Illuminate\Routing\{closure}() /home/ubuntu/workspace/blogcf/vendor/laravel/framework/src/Illuminate/Session/Middleware/StartSession.php:64
[25-Aug-2016 05:18:39 UTC] PHP  35. call_user_func:{/home/ubuntu/workspace/blogcf/vendor/laravel/framework/src/Illuminate/Routing/Pipeline.php:32}() /home/ubuntu/workspace/blogcf/vendor/laravel/framework/src/Illuminate/Routing/Pipeline.php:32
[25-Aug-2016 05:18:39 UTC] PHP  36. Illuminate\Pipeline\Pipeline->Illuminate\Pipeline\{closure}() /home/ubuntu/workspace/blogcf/vendor/laravel/framework/src/Illuminate/Routing/Pipeline.php:32
[25-Aug-2016 05:18:39 UTC] PHP  37. call_user_func_array:{/home/ubuntu/workspace/blogcf/vendor/laravel/framework/src/Illuminate/Pipeline/Pipeline.php:136}() /home/ubuntu/workspace/blogcf/vendor/laravel/framework/src/Illuminate/Pipeline/Pipeline.php:136
[25-Aug-2016 05:18:39 UTC] PHP  38. Illuminate\View\Middleware\ShareErrorsFromSession->handle() /home/ubuntu/workspace/blogcf/vendor/laravel/framework/src/Illuminate/Pipeline/Pipeline.php:136
[25-Aug-2016 05:18:39 UTC] PHP  39. Illuminate\Routing\Pipeline->Illuminate\Routing\{closure}() /home/ubuntu/workspace/blogcf/vendor/laravel/framework/src/Illuminate/View/Middleware/ShareErrorsFromSession.php:49
[25-Aug-2016 05:18:39 UTC] PHP  40. call_user_func:{/home/ubuntu/workspace/blogcf/vendor/laravel/framework/src/Illuminate/Routing/Pipeline.php:32}() /home/ubuntu/workspace/blogcf/vendor/laravel/framework/src/Illuminate/Routing/Pipeline.php:32
[25-Aug-2016 05:18:39 UTC] PHP  41. Illuminate\Pipeline\Pipeline->Illuminate\Pipeline\{closure}() /home/ubuntu/workspace/blogcf/vendor/laravel/framework/src/Illuminate/Routing/Pipeline.php:32
[25-Aug-2016 05:18:39 UTC] PHP  42. call_user_func_array:{/home/ubuntu/workspace/blogcf/vendor/laravel/framework/src/Illuminate/Pipeline/Pipeline.php:136}() /home/ubuntu/workspace/blogcf/vendor/laravel/framework/src/Illuminate/Pipeline/Pipeline.php:136
[25-Aug-2016 05:18:39 UTC] PHP  43. Illuminate\Foundation\Http\Middleware\VerifyCsrfToken->handle() /home/ubuntu/workspace/blogcf/vendor/laravel/framework/src/Illuminate/Pipeline/Pipeline.php:136
[25-Aug-2016 05:18:39 UTC] PHP  44. Illuminate\Routing\Pipeline->Illuminate\Routing\{closure}() /home/ubuntu/workspace/blogcf/vendor/laravel/framework/src/Illuminate/Foundation/Http/Middleware/VerifyCsrfToken.php:64
[25-Aug-2016 05:18:39 UTC] PHP  45. call_user_func:{/home/ubuntu/workspace/blogcf/vendor/laravel/framework/src/Illuminate/Routing/Pipeline.php:52}() /home/ubuntu/workspace/blogcf/vendor/laravel/framework/src/Illuminate/Routing/Pipeline.php:52
[25-Aug-2016 05:18:39 UTC] PHP  46. Illuminate\Routing\Router->Illuminate\Routing\{closure}() /home/ubuntu/workspace/blogcf/vendor/laravel/framework/src/Illuminate/Routing/Pipeline.php:52
[25-Aug-2016 05:18:39 UTC] PHP  47. Illuminate\Routing\Router->prepareResponse() /home/ubuntu/workspace/blogcf/vendor/laravel/framework/src/Illuminate/Routing/Router.php:725
[25-Aug-2016 05:18:39 UTC] PHP  48. Symfony\Component\HttpFoundation\Response->__construct() /home/ubuntu/workspace/blogcf/vendor/laravel/framework/src/Illuminate/Routing/Router.php:1085
[25-Aug-2016 05:18:39 UTC] PHP  49. Illuminate\Http\Response->setContent() /home/ubuntu/workspace/blogcf/vendor/symfony/http-foundation/Response.php:201
[25-Aug-2016 05:18:39 UTC] PHP  50. Illuminate\View\View->render() /home/ubuntu/workspace/blogcf/vendor/laravel/framework/src/Illuminate/Http/Response.php:53
[25-Aug-2016 05:18:39 UTC] PHP  51. Illuminate\View\View->renderContents() /home/ubuntu/workspace/blogcf/vendor/laravel/framework/src/Illuminate/View/View.php:85
[25-Aug-2016 05:18:39 UTC] PHP  52. Illuminate\View\View->getContents() /home/ubuntu/workspace/blogcf/vendor/laravel/framework/src/Illuminate/View/View.php:120
[25-Aug-2016 05:18:39 UTC] PHP  53. Illuminate\View\Engines\CompilerEngine->get() /home/ubuntu/workspace/blogcf/vendor/laravel/framework/src/Illuminate/View/View.php:149
[25-Aug-2016 05:18:39 UTC] PHP  54. Illuminate\View\Engines\PhpEngine->evaluatePath() /home/ubuntu/workspace/blogcf/vendor/laravel/framework/src/Illuminate/View/Engines/CompilerEngine.php:59
[25-Aug-2016 05:18:39 UTC] PHP  55. include() /home/ubuntu/workspace/blogcf/vendor/laravel/framework/src/Illuminate/View/Engines/PhpEngine.php:42
[25-Aug-2016 05:18:39 UTC] PHP  56. Illuminate\View\View->render() /home/ubuntu/workspace/blogcf/storage/framework/views/5e954960330f1a52c1c4dcd7bdd3acc461a68b1e.php:6
[25-Aug-2016 05:18:39 UTC] PHP  57. Illuminate\View\View->renderContents() /home/ubuntu/workspace/blogcf/vendor/laravel/framework/src/Illuminate/View/View.php:85
[25-Aug-2016 05:18:39 UTC] PHP  58. Illuminate\View\View->getContents() /home/ubuntu/workspace/blogcf/vendor/laravel/framework/src/Illuminate/View/View.php:120
[25-Aug-2016 05:18:39 UTC] PHP  59. Illuminate\View\Engines\CompilerEngine->get() /home/ubuntu/workspace/blogcf/vendor/laravel/framework/src/Illuminate/View/View.php:149
[25-Aug-2016 05:18:39 UTC] PHP  60. Illuminate\View\Engines\PhpEngine->evaluatePath() /home/ubuntu/workspace/blogcf/vendor/laravel/framework/src/Illuminate/View/Engines/CompilerEngine.php:59
[25-Aug-2016 05:18:39 UTC] PHP  61. include() /home/ubuntu/workspace/blogcf/vendor/laravel/framework/src/Illuminate/View/Engines/PhpEngine.php:42
[25-Aug-2016 05:18:41 UTC] PHP Fatal error:  Call to undefined function assets_secure() in /home/ubuntu/workspace/blogcf/storage/framework/views/76ee978405b654be73dc9a8f9c2c54b8ba410bb2.php on line 6
[25-Aug-2016 05:18:41 UTC] PHP Stack trace:
[25-Aug-2016 05:18:41 UTC] PHP   1. {main}() /home/ubuntu/workspace/blogcf/public/index.php:0
[25-Aug-2016 05:18:41 UTC] PHP   2. Illuminate\Foundation\Http\Kernel->handle() /home/ubuntu/workspace/blogcf/public/index.php:54
[25-Aug-2016 05:18:41 UTC] PHP   3. Illuminate\Foundation\Http\Kernel->sendRequestThroughRouter() /home/ubuntu/workspace/blogcf/vendor/laravel/framework/src/Illuminate/Foundation/Http/Kernel.php:99
[25-Aug-2016 05:18:41 UTC] PHP   4. Illuminate\Pipeline\Pipeline->then() /home/ubuntu/workspace/blogcf/vendor/laravel/framework/src/Illuminate/Foundation/Http/Kernel.php:132
[25-Aug-2016 05:18:41 UTC] PHP   5. call_user_func:{/home/ubuntu/workspace/blogcf/vendor/laravel/framework/src/Illuminate/Pipeline/Pipeline.php:103}() /home/ubuntu/workspace/blogcf/vendor/laravel/framework/src/Illuminate/Pipeline/Pipeline.php:103
[25-Aug-2016 05:18:41 UTC] PHP   6. Illuminate\Routing\Pipeline->Illuminate\Routing\{closure}() /home/ubuntu/workspace/blogcf/vendor/laravel/framework/src/Illuminate/Pipeline/Pipeline.php:103
[25-Aug-2016 05:18:41 UTC] PHP   7. call_user_func:{/home/ubuntu/workspace/blogcf/vendor/laravel/framework/src/Illuminate/Routing/Pipeline.php:32}() /home/ubuntu/workspace/blogcf/vendor/laravel/framework/src/Illuminate/Routing/Pipeline.php:32
[25-Aug-2016 05:18:41 UTC] PHP   8. Illuminate\Pipeline\Pipeline->Illuminate\Pipeline\{closure}() /home/ubuntu/workspace/blogcf/vendor/laravel/framework/src/Illuminate/Routing/Pipeline.php:32
[25-Aug-2016 05:18:41 UTC] PHP   9. call_user_func_array:{/home/ubuntu/workspace/blogcf/vendor/laravel/framework/src/Illuminate/Pipeline/Pipeline.php:136}() /home/ubuntu/workspace/blogcf/vendor/laravel/framework/src/Illuminate/Pipeline/Pipeline.php:136
[25-Aug-2016 05:18:41 UTC] PHP  10. Illuminate\Foundation\Http\Middleware\CheckForMaintenanceMode->handle() /home/ubuntu/workspace/blogcf/vendor/laravel/framework/src/Illuminate/Pipeline/Pipeline.php:136
[25-Aug-2016 05:18:41 UTC] PHP  11. Illuminate\Routing\Pipeline->Illuminate\Routing\{closure}() /home/ubuntu/workspace/blogcf/vendor/laravel/framework/src/Illuminate/Foundation/Http/Middleware/CheckForMaintenanceMode.php:44
[25-Aug-2016 05:18:41 UTC] PHP  12. call_user_func:{/home/ubuntu/workspace/blogcf/vendor/laravel/framework/src/Illuminate/Routing/Pipeline.php:52}() /home/ubuntu/workspace/blogcf/vendor/laravel/framework/src/Illuminate/Routing/Pipeline.php:52
[25-Aug-2016 05:18:41 UTC] PHP  13. Illuminate\Foundation\Http\Kernel->Illuminate\Foundation\Http\{closure}() /home/ubuntu/workspace/blogcf/vendor/laravel/framework/src/Illuminate/Routing/Pipeline.php:52
[25-Aug-2016 05:18:41 UTC] PHP  14. Illuminate\Routing\Router->dispatch() /home/ubuntu/workspace/blogcf/vendor/laravel/framework/src/Illuminate/Foundation/Http/Kernel.php:246
[25-Aug-2016 05:18:41 UTC] PHP  15. Illuminate\Routing\Router->dispatchToRoute() /home/ubuntu/workspace/blogcf/vendor/laravel/framework/src/Illuminate/Routing/Router.php:675
[25-Aug-2016 05:18:41 UTC] PHP  16. Illuminate\Routing\Router->runRouteWithinStack() /home/ubuntu/workspace/blogcf/vendor/laravel/framework/src/Illuminate/Routing/Router.php:699
[25-Aug-2016 05:18:41 UTC] PHP  17. Illuminate\Pipeline\Pipeline->then() /home/ubuntu/workspace/blogcf/vendor/laravel/framework/src/Illuminate/Routing/Router.php:726
[25-Aug-2016 05:18:41 UTC] PHP  18. call_user_func:{/home/ubuntu/workspace/blogcf/vendor/laravel/framework/src/Illuminate/Pipeline/Pipeline.php:103}() /home/ubuntu/workspace/blogcf/vendor/laravel/framework/src/Illuminate/Pipeline/Pipeline.php:103
[25-Aug-2016 05:18:41 UTC] PHP  19. Illuminate\Routing\Pipeline->Illuminate\Routing\{closure}() /home/ubuntu/workspace/blogcf/vendor/laravel/framework/src/Illuminate/Pipeline/Pipeline.php:103
[25-Aug-2016 05:18:41 UTC] PHP  20. call_user_func:{/home/ubuntu/workspace/blogcf/vendor/laravel/framework/src/Illuminate/Routing/Pipeline.php:32}() /home/ubuntu/workspace/blogcf/vendor/laravel/framework/src/Illuminate/Routing/Pipeline.php:32
[25-Aug-2016 05:18:41 UTC] PHP  21. Illuminate\Pipeline\Pipeline->Illuminate\Pipeline\{closure}() /home/ubuntu/workspace/blogcf/vendor/laravel/framework/src/Illuminate/Routing/Pipeline.php:32
[25-Aug-2016 05:18:41 UTC] PHP  22. call_user_func_array:{/home/ubuntu/workspace/blogcf/vendor/laravel/framework/src/Illuminate/Pipeline/Pipeline.php:136}() /home/ubuntu/workspace/blogcf/vendor/laravel/framework/src/Illuminate/Pipeline/Pipeline.php:136
[25-Aug-2016 05:18:41 UTC] PHP  23. Illuminate\Cookie\Middleware\EncryptCookies->handle() /home/ubuntu/workspace/blogcf/vendor/laravel/framework/src/Illuminate/Pipeline/Pipeline.php:136
[25-Aug-2016 05:18:41 UTC] PHP  24. Illuminate\Routing\Pipeline->Illuminate\Routing\{closure}() /home/ubuntu/workspace/blogcf/vendor/laravel/framework/src/Illuminate/Cookie/Middleware/EncryptCookies.php:59
[25-Aug-2016 05:18:41 UTC] PHP  25. call_user_func:{/home/ubuntu/workspace/blogcf/vendor/laravel/framework/src/Illuminate/Routing/Pipeline.php:32}() /home/ubuntu/workspace/blogcf/vendor/laravel/framework/src/Illuminate/Routing/Pipeline.php:32
[25-Aug-2016 05:18:41 UTC] PHP  26. Illuminate\Pipeline\Pipeline->Illuminate\Pipeline\{closure}() /home/ubuntu/workspace/blogcf/vendor/laravel/framework/src/Illuminate/Routing/Pipeline.php:32
[25-Aug-2016 05:18:41 UTC] PHP  27. call_user_func_array:{/home/ubuntu/workspace/blogcf/vendor/laravel/framework/src/Illuminate/Pipeline/Pipeline.php:136}() /home/ubuntu/workspace/blogcf/vendor/laravel/framework/src/Illuminate/Pipeline/Pipeline.php:136
[25-Aug-2016 05:18:41 UTC] PHP  28. Illuminate\Cookie\Middleware\AddQueuedCookiesToResponse->handle() /home/ubuntu/workspace/blogcf/vendor/laravel/framework/src/Illuminate/Pipeline/Pipeline.php:136
[25-Aug-2016 05:18:41 UTC] PHP  29. Illuminate\Routing\Pipeline->Illuminate\Routing\{closure}() /home/ubuntu/workspace/blogcf/vendor/laravel/framework/src/Illuminate/Cookie/Middleware/AddQueuedCookiesToResponse.php:37
[25-Aug-2016 05:18:41 UTC] PHP  30. call_user_func:{/home/ubuntu/workspace/blogcf/vendor/laravel/framework/src/Illuminate/Routing/Pipeline.php:32}() /home/ubuntu/workspace/blogcf/vendor/laravel/framework/src/Illuminate/Routing/Pipeline.php:32
[25-Aug-2016 05:18:41 UTC] PHP  31. Illuminate\Pipeline\Pipeline->Illuminate\Pipeline\{closure}() /home/ubuntu/workspace/blogcf/vendor/laravel/framework/src/Illuminate/Routing/Pipeline.php:32
[25-Aug-2016 05:18:41 UTC] PHP  32. call_user_func_array:{/home/ubuntu/workspace/blogcf/vendor/laravel/framework/src/Illuminate/Pipeline/Pipeline.php:136}() /home/ubuntu/workspace/blogcf/vendor/laravel/framework/src/Illuminate/Pipeline/Pipeline.php:136
[25-Aug-2016 05:18:41 UTC] PHP  33. Illuminate\Session\Middleware\StartSession->handle() /home/ubuntu/workspace/blogcf/vendor/laravel/framework/src/Illuminate/Pipeline/Pipeline.php:136
[25-Aug-2016 05:18:41 UTC] PHP  34. Illuminate\Routing\Pipeline->Illuminate\Routing\{closure}() /home/ubuntu/workspace/blogcf/vendor/laravel/framework/src/Illuminate/Session/Middleware/StartSession.php:64
[25-Aug-2016 05:18:41 UTC] PHP  35. call_user_func:{/home/ubuntu/workspace/blogcf/vendor/laravel/framework/src/Illuminate/Routing/Pipeline.php:32}() /home/ubuntu/workspace/blogcf/vendor/laravel/framework/src/Illuminate/Routing/Pipeline.php:32
[25-Aug-2016 05:18:41 UTC] PHP  36. Illuminate\Pipeline\Pipeline->Illuminate\Pipeline\{closure}() /home/ubuntu/workspace/blogcf/vendor/laravel/framework/src/Illuminate/Routing/Pipeline.php:32
[25-Aug-2016 05:18:41 UTC] PHP  37. call_user_func_array:{/home/ubuntu/workspace/blogcf/vendor/laravel/framework/src/Illuminate/Pipeline/Pipeline.php:136}() /home/ubuntu/workspace/blogcf/vendor/laravel/framework/src/Illuminate/Pipeline/Pipeline.php:136
[25-Aug-2016 05:18:41 UTC] PHP  38. Illuminate\View\Middleware\ShareErrorsFromSession->handle() /home/ubuntu/workspace/blogcf/vendor/laravel/framework/src/Illuminate/Pipeline/Pipeline.php:136
[25-Aug-2016 05:18:41 UTC] PHP  39. Illuminate\Routing\Pipeline->Illuminate\Routing\{closure}() /home/ubuntu/workspace/blogcf/vendor/laravel/framework/src/Illuminate/View/Middleware/ShareErrorsFromSession.php:49
[25-Aug-2016 05:18:41 UTC] PHP  40. call_user_func:{/home/ubuntu/workspace/blogcf/vendor/laravel/framework/src/Illuminate/Routing/Pipeline.php:32}() /home/ubuntu/workspace/blogcf/vendor/laravel/framework/src/Illuminate/Routing/Pipeline.php:32
[25-Aug-2016 05:18:41 UTC] PHP  41. Illuminate\Pipeline\Pipeline->Illuminate\Pipeline\{closure}() /home/ubuntu/workspace/blogcf/vendor/laravel/framework/src/Illuminate/Routing/Pipeline.php:32
[25-Aug-2016 05:18:41 UTC] PHP  42. call_user_func_array:{/home/ubuntu/workspace/blogcf/vendor/laravel/framework/src/Illuminate/Pipeline/Pipeline.php:136}() /home/ubuntu/workspace/blogcf/vendor/laravel/framework/src/Illuminate/Pipeline/Pipeline.php:136
[25-Aug-2016 05:18:41 UTC] PHP  43. Illuminate\Foundation\Http\Middleware\VerifyCsrfToken->handle() /home/ubuntu/workspace/blogcf/vendor/laravel/framework/src/Illuminate/Pipeline/Pipeline.php:136
[25-Aug-2016 05:18:41 UTC] PHP  44. Illuminate\Routing\Pipeline->Illuminate\Routing\{closure}() /home/ubuntu/workspace/blogcf/vendor/laravel/framework/src/Illuminate/Foundation/Http/Middleware/VerifyCsrfToken.php:64
[25-Aug-2016 05:18:41 UTC] PHP  45. call_user_func:{/home/ubuntu/workspace/blogcf/vendor/laravel/framework/src/Illuminate/Routing/Pipeline.php:52}() /home/ubuntu/workspace/blogcf/vendor/laravel/framework/src/Illuminate/Routing/Pipeline.php:52
[25-Aug-2016 05:18:41 UTC] PHP  46. Illuminate\Routing\Router->Illuminate\Routing\{closure}() /home/ubuntu/workspace/blogcf/vendor/laravel/framework/src/Illuminate/Routing/Pipeline.php:52
[25-Aug-2016 05:18:41 UTC] PHP  47. Illuminate\Routing\Router->prepareResponse() /home/ubuntu/workspace/blogcf/vendor/laravel/framework/src/Illuminate/Routing/Router.php:725
[25-Aug-2016 05:18:41 UTC] PHP  48. Symfony\Component\HttpFoundation\Response->__construct() /home/ubuntu/workspace/blogcf/vendor/laravel/framework/src/Illuminate/Routing/Router.php:1085
[25-Aug-2016 05:18:41 UTC] PHP  49. Illuminate\Http\Response->setContent() /home/ubuntu/workspace/blogcf/vendor/symfony/http-foundation/Response.php:201
[25-Aug-2016 05:18:41 UTC] PHP  50. Illuminate\View\View->render() /home/ubuntu/workspace/blogcf/vendor/laravel/framework/src/Illuminate/Http/Response.php:53
[25-Aug-2016 05:18:41 UTC] PHP  51. Illuminate\View\View->renderContents() /home/ubuntu/workspace/blogcf/vendor/laravel/framework/src/Illuminate/View/View.php:85
[25-Aug-2016 05:18:41 UTC] PHP  52. Illuminate\View\View->getContents() /home/ubuntu/workspace/blogcf/vendor/laravel/framework/src/Illuminate/View/View.php:120
[25-Aug-2016 05:18:41 UTC] PHP  53. Illuminate\View\Engines\CompilerEngine->get() /home/ubuntu/workspace/blogcf/vendor/laravel/framework/src/Illuminate/View/View.php:149
[25-Aug-2016 05:18:41 UTC] PHP  54. Illuminate\View\Engines\PhpEngine->evaluatePath() /home/ubuntu/workspace/blogcf/vendor/laravel/framework/src/Illuminate/View/Engines/CompilerEngine.php:59
[25-Aug-2016 05:18:41 UTC] PHP  55. include() /home/ubuntu/workspace/blogcf/vendor/laravel/framework/src/Illuminate/View/Engines/PhpEngine.php:42
[25-Aug-2016 05:18:41 UTC] PHP  56. Illuminate\View\View->render() /home/ubuntu/workspace/blogcf/storage/framework/views/5e954960330f1a52c1c4dcd7bdd3acc461a68b1e.php:6
[25-Aug-2016 05:18:41 UTC] PHP  57. Illuminate\View\View->renderContents() /home/ubuntu/workspace/blogcf/vendor/laravel/framework/src/Illuminate/View/View.php:85
[25-Aug-2016 05:18:41 UTC] PHP  58. Illuminate\View\View->getContents() /home/ubuntu/workspace/blogcf/vendor/laravel/framework/src/Illuminate/View/View.php:120
[25-Aug-2016 05:18:41 UTC] PHP  59. Illuminate\View\Engines\CompilerEngine->get() /home/ubuntu/workspace/blogcf/vendor/laravel/framework/src/Illuminate/View/View.php:149
[25-Aug-2016 05:18:41 UTC] PHP  60. Illuminate\View\Engines\PhpEngine->evaluatePath() /home/ubuntu/workspace/blogcf/vendor/laravel/framework/src/Illuminate/View/Engines/CompilerEngine.php:59
[25-Aug-2016 05:18:41 UTC] PHP  61. include() /home/ubuntu/workspace/blogcf/vendor/laravel/framework/src/Illuminate/View/Engines/PhpEngine.php:42
[25-Aug-2016 05:18:50 UTC] PHP Fatal error:  Call to undefined function asset_secure() in /home/ubuntu/workspace/blogcf/storage/framework/views/76ee978405b654be73dc9a8f9c2c54b8ba410bb2.php on line 6
[25-Aug-2016 05:18:50 UTC] PHP Stack trace:
[25-Aug-2016 05:18:50 UTC] PHP   1. {main}() /home/ubuntu/workspace/blogcf/public/index.php:0
[25-Aug-2016 05:18:50 UTC] PHP   2. Illuminate\Foundation\Http\Kernel->handle() /home/ubuntu/workspace/blogcf/public/index.php:54
[25-Aug-2016 05:18:50 UTC] PHP   3. Illuminate\Foundation\Http\Kernel->sendRequestThroughRouter() /home/ubuntu/workspace/blogcf/vendor/laravel/framework/src/Illuminate/Foundation/Http/Kernel.php:99
[25-Aug-2016 05:18:50 UTC] PHP   4. Illuminate\Pipeline\Pipeline->then() /home/ubuntu/workspace/blogcf/vendor/laravel/framework/src/Illuminate/Foundation/Http/Kernel.php:132
[25-Aug-2016 05:18:50 UTC] PHP   5. call_user_func:{/home/ubuntu/workspace/blogcf/vendor/laravel/framework/src/Illuminate/Pipeline/Pipeline.php:103}() /home/ubuntu/workspace/blogcf/vendor/laravel/framework/src/Illuminate/Pipeline/Pipeline.php:103
[25-Aug-2016 05:18:50 UTC] PHP   6. Illuminate\Routing\Pipeline->Illuminate\Routing\{closure}() /home/ubuntu/workspace/blogcf/vendor/laravel/framework/src/Illuminate/Pipeline/Pipeline.php:103
[25-Aug-2016 05:18:50 UTC] PHP   7. call_user_func:{/home/ubuntu/workspace/blogcf/vendor/laravel/framework/src/Illuminate/Routing/Pipeline.php:32}() /home/ubuntu/workspace/blogcf/vendor/laravel/framework/src/Illuminate/Routing/Pipeline.php:32
[25-Aug-2016 05:18:50 UTC] PHP   8. Illuminate\Pipeline\Pipeline->Illuminate\Pipeline\{closure}() /home/ubuntu/workspace/blogcf/vendor/laravel/framework/src/Illuminate/Routing/Pipeline.php:32
[25-Aug-2016 05:18:50 UTC] PHP   9. call_user_func_array:{/home/ubuntu/workspace/blogcf/vendor/laravel/framework/src/Illuminate/Pipeline/Pipeline.php:136}() /home/ubuntu/workspace/blogcf/vendor/laravel/framework/src/Illuminate/Pipeline/Pipeline.php:136
[25-Aug-2016 05:18:50 UTC] PHP  10. Illuminate\Foundation\Http\Middleware\CheckForMaintenanceMode->handle() /home/ubuntu/workspace/blogcf/vendor/laravel/framework/src/Illuminate/Pipeline/Pipeline.php:136
[25-Aug-2016 05:18:50 UTC] PHP  11. Illuminate\Routing\Pipeline->Illuminate\Routing\{closure}() /home/ubuntu/workspace/blogcf/vendor/laravel/framework/src/Illuminate/Foundation/Http/Middleware/CheckForMaintenanceMode.php:44
[25-Aug-2016 05:18:50 UTC] PHP  12. call_user_func:{/home/ubuntu/workspace/blogcf/vendor/laravel/framework/src/Illuminate/Routing/Pipeline.php:52}() /home/ubuntu/workspace/blogcf/vendor/laravel/framework/src/Illuminate/Routing/Pipeline.php:52
[25-Aug-2016 05:18:50 UTC] PHP  13. Illuminate\Foundation\Http\Kernel->Illuminate\Foundation\Http\{closure}() /home/ubuntu/workspace/blogcf/vendor/laravel/framework/src/Illuminate/Routing/Pipeline.php:52
[25-Aug-2016 05:18:50 UTC] PHP  14. Illuminate\Routing\Router->dispatch() /home/ubuntu/workspace/blogcf/vendor/laravel/framework/src/Illuminate/Foundation/Http/Kernel.php:246
[25-Aug-2016 05:18:50 UTC] PHP  15. Illuminate\Routing\Router->dispatchToRoute() /home/ubuntu/workspace/blogcf/vendor/laravel/framework/src/Illuminate/Routing/Router.php:675
[25-Aug-2016 05:18:50 UTC] PHP  16. Illuminate\Routing\Router->runRouteWithinStack() /home/ubuntu/workspace/blogcf/vendor/laravel/framework/src/Illuminate/Routing/Router.php:699
[25-Aug-2016 05:18:50 UTC] PHP  17. Illuminate\Pipeline\Pipeline->then() /home/ubuntu/workspace/blogcf/vendor/laravel/framework/src/Illuminate/Routing/Router.php:726
[25-Aug-2016 05:18:50 UTC] PHP  18. call_user_func:{/home/ubuntu/workspace/blogcf/vendor/laravel/framework/src/Illuminate/Pipeline/Pipeline.php:103}() /home/ubuntu/workspace/blogcf/vendor/laravel/framework/src/Illuminate/Pipeline/Pipeline.php:103
[25-Aug-2016 05:18:50 UTC] PHP  19. Illuminate\Routing\Pipeline->Illuminate\Routing\{closure}() /home/ubuntu/workspace/blogcf/vendor/laravel/framework/src/Illuminate/Pipeline/Pipeline.php:103
[25-Aug-2016 05:18:50 UTC] PHP  20. call_user_func:{/home/ubuntu/workspace/blogcf/vendor/laravel/framework/src/Illuminate/Routing/Pipeline.php:32}() /home/ubuntu/workspace/blogcf/vendor/laravel/framework/src/Illuminate/Routing/Pipeline.php:32
[25-Aug-2016 05:18:50 UTC] PHP  21. Illuminate\Pipeline\Pipeline->Illuminate\Pipeline\{closure}() /home/ubuntu/workspace/blogcf/vendor/laravel/framework/src/Illuminate/Routing/Pipeline.php:32
[25-Aug-2016 05:18:50 UTC] PHP  22. call_user_func_array:{/home/ubuntu/workspace/blogcf/vendor/laravel/framework/src/Illuminate/Pipeline/Pipeline.php:136}() /home/ubuntu/workspace/blogcf/vendor/laravel/framework/src/Illuminate/Pipeline/Pipeline.php:136
[25-Aug-2016 05:18:50 UTC] PHP  23. Illuminate\Cookie\Middleware\EncryptCookies->handle() /home/ubuntu/workspace/blogcf/vendor/laravel/framework/src/Illuminate/Pipeline/Pipeline.php:136
[25-Aug-2016 05:18:50 UTC] PHP  24. Illuminate\Routing\Pipeline->Illuminate\Routing\{closure}() /home/ubuntu/workspace/blogcf/vendor/laravel/framework/src/Illuminate/Cookie/Middleware/EncryptCookies.php:59
[25-Aug-2016 05:18:50 UTC] PHP  25. call_user_func:{/home/ubuntu/workspace/blogcf/vendor/laravel/framework/src/Illuminate/Routing/Pipeline.php:32}() /home/ubuntu/workspace/blogcf/vendor/laravel/framework/src/Illuminate/Routing/Pipeline.php:32
[25-Aug-2016 05:18:50 UTC] PHP  26. Illuminate\Pipeline\Pipeline->Illuminate\Pipeline\{closure}() /home/ubuntu/workspace/blogcf/vendor/laravel/framework/src/Illuminate/Routing/Pipeline.php:32
[25-Aug-2016 05:18:50 UTC] PHP  27. call_user_func_array:{/home/ubuntu/workspace/blogcf/vendor/laravel/framework/src/Illuminate/Pipeline/Pipeline.php:136}() /home/ubuntu/workspace/blogcf/vendor/laravel/framework/src/Illuminate/Pipeline/Pipeline.php:136
[25-Aug-2016 05:18:50 UTC] PHP  28. Illuminate\Cookie\Middleware\AddQueuedCookiesToResponse->handle() /home/ubuntu/workspace/blogcf/vendor/laravel/framework/src/Illuminate/Pipeline/Pipeline.php:136
[25-Aug-2016 05:18:50 UTC] PHP  29. Illuminate\Routing\Pipeline->Illuminate\Routing\{closure}() /home/ubuntu/workspace/blogcf/vendor/laravel/framework/src/Illuminate/Cookie/Middleware/AddQueuedCookiesToResponse.php:37
[25-Aug-2016 05:18:50 UTC] PHP  30. call_user_func:{/home/ubuntu/workspace/blogcf/vendor/laravel/framework/src/Illuminate/Routing/Pipeline.php:32}() /home/ubuntu/workspace/blogcf/vendor/laravel/framework/src/Illuminate/Routing/Pipeline.php:32
[25-Aug-2016 05:18:50 UTC] PHP  31. Illuminate\Pipeline\Pipeline->Illuminate\Pipeline\{closure}() /home/ubuntu/workspace/blogcf/vendor/laravel/framework/src/Illuminate/Routing/Pipeline.php:32
[25-Aug-2016 05:18:50 UTC] PHP  32. call_user_func_array:{/home/ubuntu/workspace/blogcf/vendor/laravel/framework/src/Illuminate/Pipeline/Pipeline.php:136}() /home/ubuntu/workspace/blogcf/vendor/laravel/framework/src/Illuminate/Pipeline/Pipeline.php:136
[25-Aug-2016 05:18:50 UTC] PHP  33. Illuminate\Session\Middleware\StartSession->handle() /home/ubuntu/workspace/blogcf/vendor/laravel/framework/src/Illuminate/Pipeline/Pipeline.php:136
[25-Aug-2016 05:18:50 UTC] PHP  34. Illuminate\Routing\Pipeline->Illuminate\Routing\{closure}() /home/ubuntu/workspace/blogcf/vendor/laravel/framework/src/Illuminate/Session/Middleware/StartSession.php:64
[25-Aug-2016 05:18:50 UTC] PHP  35. call_user_func:{/home/ubuntu/workspace/blogcf/vendor/laravel/framework/src/Illuminate/Routing/Pipeline.php:32}() /home/ubuntu/workspace/blogcf/vendor/laravel/framework/src/Illuminate/Routing/Pipeline.php:32
[25-Aug-2016 05:18:50 UTC] PHP  36. Illuminate\Pipeline\Pipeline->Illuminate\Pipeline\{closure}() /home/ubuntu/workspace/blogcf/vendor/laravel/framework/src/Illuminate/Routing/Pipeline.php:32
[25-Aug-2016 05:18:50 UTC] PHP  37. call_user_func_array:{/home/ubuntu/workspace/blogcf/vendor/laravel/framework/src/Illuminate/Pipeline/Pipeline.php:136}() /home/ubuntu/workspace/blogcf/vendor/laravel/framework/src/Illuminate/Pipeline/Pipeline.php:136
[25-Aug-2016 05:18:50 UTC] PHP  38. Illuminate\View\Middleware\ShareErrorsFromSession->handle() /home/ubuntu/workspace/blogcf/vendor/laravel/framework/src/Illuminate/Pipeline/Pipeline.php:136
[25-Aug-2016 05:18:50 UTC] PHP  39. Illuminate\Routing\Pipeline->Illuminate\Routing\{closure}() /home/ubuntu/workspace/blogcf/vendor/laravel/framework/src/Illuminate/View/Middleware/ShareErrorsFromSession.php:49
[25-Aug-2016 05:18:50 UTC] PHP  40. call_user_func:{/home/ubuntu/workspace/blogcf/vendor/laravel/framework/src/Illuminate/Routing/Pipeline.php:32}() /home/ubuntu/workspace/blogcf/vendor/laravel/framework/src/Illuminate/Routing/Pipeline.php:32
[25-Aug-2016 05:18:50 UTC] PHP  41. Illuminate\Pipeline\Pipeline->Illuminate\Pipeline\{closure}() /home/ubuntu/workspace/blogcf/vendor/laravel/framework/src/Illuminate/Routing/Pipeline.php:32
[25-Aug-2016 05:18:50 UTC] PHP  42. call_user_func_array:{/home/ubuntu/workspace/blogcf/vendor/laravel/framework/src/Illuminate/Pipeline/Pipeline.php:136}() /home/ubuntu/workspace/blogcf/vendor/laravel/framework/src/Illuminate/Pipeline/Pipeline.php:136
[25-Aug-2016 05:18:50 UTC] PHP  43. Illuminate\Foundation\Http\Middleware\VerifyCsrfToken->handle() /home/ubuntu/workspace/blogcf/vendor/laravel/framework/src/Illuminate/Pipeline/Pipeline.php:136
[25-Aug-2016 05:18:50 UTC] PHP  44. Illuminate\Routing\Pipeline->Illuminate\Routing\{closure}() /home/ubuntu/workspace/blogcf/vendor/laravel/framework/src/Illuminate/Foundation/Http/Middleware/VerifyCsrfToken.php:64
[25-Aug-2016 05:18:50 UTC] PHP  45. call_user_func:{/home/ubuntu/workspace/blogcf/vendor/laravel/framework/src/Illuminate/Routing/Pipeline.php:52}() /home/ubuntu/workspace/blogcf/vendor/laravel/framework/src/Illuminate/Routing/Pipeline.php:52
[25-Aug-2016 05:18:50 UTC] PHP  46. Illuminate\Routing\Router->Illuminate\Routing\{closure}() /home/ubuntu/workspace/blogcf/vendor/laravel/framework/src/Illuminate/Routing/Pipeline.php:52
[25-Aug-2016 05:18:50 UTC] PHP  47. Illuminate\Routing\Router->prepareResponse() /home/ubuntu/workspace/blogcf/vendor/laravel/framework/src/Illuminate/Routing/Router.php:725
[25-Aug-2016 05:18:50 UTC] PHP  48. Symfony\Component\HttpFoundation\Response->__construct() /home/ubuntu/workspace/blogcf/vendor/laravel/framework/src/Illuminate/Routing/Router.php:1085
[25-Aug-2016 05:18:50 UTC] PHP  49. Illuminate\Http\Response->setContent() /home/ubuntu/workspace/blogcf/vendor/symfony/http-foundation/Response.php:201
[25-Aug-2016 05:18:50 UTC] PHP  50. Illuminate\View\View->render() /home/ubuntu/workspace/blogcf/vendor/laravel/framework/src/Illuminate/Http/Response.php:53
[25-Aug-2016 05:18:50 UTC] PHP  51. Illuminate\View\View->renderContents() /home/ubuntu/workspace/blogcf/vendor/laravel/framework/src/Illuminate/View/View.php:85
[25-Aug-2016 05:18:50 UTC] PHP  52. Illuminate\View\View->getContents() /home/ubuntu/workspace/blogcf/vendor/laravel/framework/src/Illuminate/View/View.php:120
[25-Aug-2016 05:18:50 UTC] PHP  53. Illuminate\View\Engines\CompilerEngine->get() /home/ubuntu/workspace/blogcf/vendor/laravel/framework/src/Illuminate/View/View.php:149
[25-Aug-2016 05:18:50 UTC] PHP  54. Illuminate\View\Engines\PhpEngine->evaluatePath() /home/ubuntu/workspace/blogcf/vendor/laravel/framework/src/Illuminate/View/Engines/CompilerEngine.php:59
[25-Aug-2016 05:18:50 UTC] PHP  55. include() /home/ubuntu/workspace/blogcf/vendor/laravel/framework/src/Illuminate/View/Engines/PhpEngine.php:42
[25-Aug-2016 05:18:50 UTC] PHP  56. Illuminate\View\View->render() /home/ubuntu/workspace/blogcf/storage/framework/views/5e954960330f1a52c1c4dcd7bdd3acc461a68b1e.php:6
[25-Aug-2016 05:18:50 UTC] PHP  57. Illuminate\View\View->renderContents() /home/ubuntu/workspace/blogcf/vendor/laravel/framework/src/Illuminate/View/View.php:85
[25-Aug-2016 05:18:50 UTC] PHP  58. Illuminate\View\View->getContents() /home/ubuntu/workspace/blogcf/vendor/laravel/framework/src/Illuminate/View/View.php:120
[25-Aug-2016 05:18:50 UTC] PHP  59. Illuminate\View\Engines\CompilerEngine->get() /home/ubuntu/workspace/blogcf/vendor/laravel/framework/src/Illuminate/View/View.php:149
[25-Aug-2016 05:18:50 UTC] PHP  60. Illuminate\View\Engines\PhpEngine->evaluatePath() /home/ubuntu/workspace/blogcf/vendor/laravel/framework/src/Illuminate/View/Engines/CompilerEngine.php:59
[25-Aug-2016 05:18:50 UTC] PHP  61. include() /home/ubuntu/workspace/blogcf/vendor/laravel/framework/src/Illuminate/View/Engines/PhpEngine.php:42
[25-Aug-2016 05:20:03 UTC] PHP Fatal error:  Call to undefined function asset_secure() in /home/ubuntu/workspace/blogcf/storage/framework/views/76ee978405b654be73dc9a8f9c2c54b8ba410bb2.php on line 6
[25-Aug-2016 05:20:03 UTC] PHP Stack trace:
[25-Aug-2016 05:20:03 UTC] PHP   1. {main}() /home/ubuntu/workspace/blogcf/public/index.php:0
[25-Aug-2016 05:20:03 UTC] PHP   2. Illuminate\Foundation\Http\Kernel->handle() /home/ubuntu/workspace/blogcf/public/index.php:54
[25-Aug-2016 05:20:03 UTC] PHP   3. Illuminate\Foundation\Http\Kernel->sendRequestThroughRouter() /home/ubuntu/workspace/blogcf/vendor/laravel/framework/src/Illuminate/Foundation/Http/Kernel.php:99
[25-Aug-2016 05:20:03 UTC] PHP   4. Illuminate\Pipeline\Pipeline->then() /home/ubuntu/workspace/blogcf/vendor/laravel/framework/src/Illuminate/Foundation/Http/Kernel.php:132
[25-Aug-2016 05:20:03 UTC] PHP   5. call_user_func:{/home/ubuntu/workspace/blogcf/vendor/laravel/framework/src/Illuminate/Pipeline/Pipeline.php:103}() /home/ubuntu/workspace/blogcf/vendor/laravel/framework/src/Illuminate/Pipeline/Pipeline.php:103
[25-Aug-2016 05:20:03 UTC] PHP   6. Illuminate\Routing\Pipeline->Illuminate\Routing\{closure}() /home/ubuntu/workspace/blogcf/vendor/laravel/framework/src/Illuminate/Pipeline/Pipeline.php:103
[25-Aug-2016 05:20:03 UTC] PHP   7. call_user_func:{/home/ubuntu/workspace/blogcf/vendor/laravel/framework/src/Illuminate/Routing/Pipeline.php:32}() /home/ubuntu/workspace/blogcf/vendor/laravel/framework/src/Illuminate/Routing/Pipeline.php:32
[25-Aug-2016 05:20:03 UTC] PHP   8. Illuminate\Pipeline\Pipeline->Illuminate\Pipeline\{closure}() /home/ubuntu/workspace/blogcf/vendor/laravel/framework/src/Illuminate/Routing/Pipeline.php:32
[25-Aug-2016 05:20:03 UTC] PHP   9. call_user_func_array:{/home/ubuntu/workspace/blogcf/vendor/laravel/framework/src/Illuminate/Pipeline/Pipeline.php:136}() /home/ubuntu/workspace/blogcf/vendor/laravel/framework/src/Illuminate/Pipeline/Pipeline.php:136
[25-Aug-2016 05:20:03 UTC] PHP  10. Illuminate\Foundation\Http\Middleware\CheckForMaintenanceMode->handle() /home/ubuntu/workspace/blogcf/vendor/laravel/framework/src/Illuminate/Pipeline/Pipeline.php:136
[25-Aug-2016 05:20:03 UTC] PHP  11. Illuminate\Routing\Pipeline->Illuminate\Routing\{closure}() /home/ubuntu/workspace/blogcf/vendor/laravel/framework/src/Illuminate/Foundation/Http/Middleware/CheckForMaintenanceMode.php:44
[25-Aug-2016 05:20:03 UTC] PHP  12. call_user_func:{/home/ubuntu/workspace/blogcf/vendor/laravel/framework/src/Illuminate/Routing/Pipeline.php:52}() /home/ubuntu/workspace/blogcf/vendor/laravel/framework/src/Illuminate/Routing/Pipeline.php:52
[25-Aug-2016 05:20:03 UTC] PHP  13. Illuminate\Foundation\Http\Kernel->Illuminate\Foundation\Http\{closure}() /home/ubuntu/workspace/blogcf/vendor/laravel/framework/src/Illuminate/Routing/Pipeline.php:52
[25-Aug-2016 05:20:03 UTC] PHP  14. Illuminate\Routing\Router->dispatch() /home/ubuntu/workspace/blogcf/vendor/laravel/framework/src/Illuminate/Foundation/Http/Kernel.php:246
[25-Aug-2016 05:20:03 UTC] PHP  15. Illuminate\Routing\Router->dispatchToRoute() /home/ubuntu/workspace/blogcf/vendor/laravel/framework/src/Illuminate/Routing/Router.php:675
[25-Aug-2016 05:20:03 UTC] PHP  16. Illuminate\Routing\Router->runRouteWithinStack() /home/ubuntu/workspace/blogcf/vendor/laravel/framework/src/Illuminate/Routing/Router.php:699
[25-Aug-2016 05:20:03 UTC] PHP  17. Illuminate\Pipeline\Pipeline->then() /home/ubuntu/workspace/blogcf/vendor/laravel/framework/src/Illuminate/Routing/Router.php:726
[25-Aug-2016 05:20:03 UTC] PHP  18. call_user_func:{/home/ubuntu/workspace/blogcf/vendor/laravel/framework/src/Illuminate/Pipeline/Pipeline.php:103}() /home/ubuntu/workspace/blogcf/vendor/laravel/framework/src/Illuminate/Pipeline/Pipeline.php:103
[25-Aug-2016 05:20:03 UTC] PHP  19. Illuminate\Routing\Pipeline->Illuminate\Routing\{closure}() /home/ubuntu/workspace/blogcf/vendor/laravel/framework/src/Illuminate/Pipeline/Pipeline.php:103
[25-Aug-2016 05:20:03 UTC] PHP  20. call_user_func:{/home/ubuntu/workspace/blogcf/vendor/laravel/framework/src/Illuminate/Routing/Pipeline.php:32}() /home/ubuntu/workspace/blogcf/vendor/laravel/framework/src/Illuminate/Routing/Pipeline.php:32
[25-Aug-2016 05:20:03 UTC] PHP  21. Illuminate\Pipeline\Pipeline->Illuminate\Pipeline\{closure}() /home/ubuntu/workspace/blogcf/vendor/laravel/framework/src/Illuminate/Routing/Pipeline.php:32
[25-Aug-2016 05:20:03 UTC] PHP  22. call_user_func_array:{/home/ubuntu/workspace/blogcf/vendor/laravel/framework/src/Illuminate/Pipeline/Pipeline.php:136}() /home/ubuntu/workspace/blogcf/vendor/laravel/framework/src/Illuminate/Pipeline/Pipeline.php:136
[25-Aug-2016 05:20:03 UTC] PHP  23. Illuminate\Cookie\Middleware\EncryptCookies->handle() /home/ubuntu/workspace/blogcf/vendor/laravel/framework/src/Illuminate/Pipeline/Pipeline.php:136
[25-Aug-2016 05:20:03 UTC] PHP  24. Illuminate\Routing\Pipeline->Illuminate\Routing\{closure}() /home/ubuntu/workspace/blogcf/vendor/laravel/framework/src/Illuminate/Cookie/Middleware/EncryptCookies.php:59
[25-Aug-2016 05:20:03 UTC] PHP  25. call_user_func:{/home/ubuntu/workspace/blogcf/vendor/laravel/framework/src/Illuminate/Routing/Pipeline.php:32}() /home/ubuntu/workspace/blogcf/vendor/laravel/framework/src/Illuminate/Routing/Pipeline.php:32
[25-Aug-2016 05:20:03 UTC] PHP  26. Illuminate\Pipeline\Pipeline->Illuminate\Pipeline\{closure}() /home/ubuntu/workspace/blogcf/vendor/laravel/framework/src/Illuminate/Routing/Pipeline.php:32
[25-Aug-2016 05:20:03 UTC] PHP  27. call_user_func_array:{/home/ubuntu/workspace/blogcf/vendor/laravel/framework/src/Illuminate/Pipeline/Pipeline.php:136}() /home/ubuntu/workspace/blogcf/vendor/laravel/framework/src/Illuminate/Pipeline/Pipeline.php:136
[25-Aug-2016 05:20:03 UTC] PHP  28. Illuminate\Cookie\Middleware\AddQueuedCookiesToResponse->handle() /home/ubuntu/workspace/blogcf/vendor/laravel/framework/src/Illuminate/Pipeline/Pipeline.php:136
[25-Aug-2016 05:20:03 UTC] PHP  29. Illuminate\Routing\Pipeline->Illuminate\Routing\{closure}() /home/ubuntu/workspace/blogcf/vendor/laravel/framework/src/Illuminate/Cookie/Middleware/AddQueuedCookiesToResponse.php:37
[25-Aug-2016 05:20:03 UTC] PHP  30. call_user_func:{/home/ubuntu/workspace/blogcf/vendor/laravel/framework/src/Illuminate/Routing/Pipeline.php:32}() /home/ubuntu/workspace/blogcf/vendor/laravel/framework/src/Illuminate/Routing/Pipeline.php:32
[25-Aug-2016 05:20:03 UTC] PHP  31. Illuminate\Pipeline\Pipeline->Illuminate\Pipeline\{closure}() /home/ubuntu/workspace/blogcf/vendor/laravel/framework/src/Illuminate/Routing/Pipeline.php:32
[25-Aug-2016 05:20:03 UTC] PHP  32. call_user_func_array:{/home/ubuntu/workspace/blogcf/vendor/laravel/framework/src/Illuminate/Pipeline/Pipeline.php:136}() /home/ubuntu/workspace/blogcf/vendor/laravel/framework/src/Illuminate/Pipeline/Pipeline.php:136
[25-Aug-2016 05:20:03 UTC] PHP  33. Illuminate\Session\Middleware\StartSession->handle() /home/ubuntu/workspace/blogcf/vendor/laravel/framework/src/Illuminate/Pipeline/Pipeline.php:136
[25-Aug-2016 05:20:03 UTC] PHP  34. Illuminate\Routing\Pipeline->Illuminate\Routing\{closure}() /home/ubuntu/workspace/blogcf/vendor/laravel/framework/src/Illuminate/Session/Middleware/StartSession.php:64
[25-Aug-2016 05:20:03 UTC] PHP  35. call_user_func:{/home/ubuntu/workspace/blogcf/vendor/laravel/framework/src/Illuminate/Routing/Pipeline.php:32}() /home/ubuntu/workspace/blogcf/vendor/laravel/framework/src/Illuminate/Routing/Pipeline.php:32
[25-Aug-2016 05:20:03 UTC] PHP  36. Illuminate\Pipeline\Pipeline->Illuminate\Pipeline\{closure}() /home/ubuntu/workspace/blogcf/vendor/laravel/framework/src/Illuminate/Routing/Pipeline.php:32
[25-Aug-2016 05:20:03 UTC] PHP  37. call_user_func_array:{/home/ubuntu/workspace/blogcf/vendor/laravel/framework/src/Illuminate/Pipeline/Pipeline.php:136}() /home/ubuntu/workspace/blogcf/vendor/laravel/framework/src/Illuminate/Pipeline/Pipeline.php:136
[25-Aug-2016 05:20:03 UTC] PHP  38. Illuminate\View\Middleware\ShareErrorsFromSession->handle() /home/ubuntu/workspace/blogcf/vendor/laravel/framework/src/Illuminate/Pipeline/Pipeline.php:136
[25-Aug-2016 05:20:03 UTC] PHP  39. Illuminate\Routing\Pipeline->Illuminate\Routing\{closure}() /home/ubuntu/workspace/blogcf/vendor/laravel/framework/src/Illuminate/View/Middleware/ShareErrorsFromSession.php:49
[25-Aug-2016 05:20:03 UTC] PHP  40. call_user_func:{/home/ubuntu/workspace/blogcf/vendor/laravel/framework/src/Illuminate/Routing/Pipeline.php:32}() /home/ubuntu/workspace/blogcf/vendor/laravel/framework/src/Illuminate/Routing/Pipeline.php:32
[25-Aug-2016 05:20:03 UTC] PHP  41. Illuminate\Pipeline\Pipeline->Illuminate\Pipeline\{closure}() /home/ubuntu/workspace/blogcf/vendor/laravel/framework/src/Illuminate/Routing/Pipeline.php:32
[25-Aug-2016 05:20:03 UTC] PHP  42. call_user_func_array:{/home/ubuntu/workspace/blogcf/vendor/laravel/framework/src/Illuminate/Pipeline/Pipeline.php:136}() /home/ubuntu/workspace/blogcf/vendor/laravel/framework/src/Illuminate/Pipeline/Pipeline.php:136
[25-Aug-2016 05:20:03 UTC] PHP  43. Illuminate\Foundation\Http\Middleware\VerifyCsrfToken->handle() /home/ubuntu/workspace/blogcf/vendor/laravel/framework/src/Illuminate/Pipeline/Pipeline.php:136
[25-Aug-2016 05:20:03 UTC] PHP  44. Illuminate\Routing\Pipeline->Illuminate\Routing\{closure}() /home/ubuntu/workspace/blogcf/vendor/laravel/framework/src/Illuminate/Foundation/Http/Middleware/VerifyCsrfToken.php:64
[25-Aug-2016 05:20:03 UTC] PHP  45. call_user_func:{/home/ubuntu/workspace/blogcf/vendor/laravel/framework/src/Illuminate/Routing/Pipeline.php:52}() /home/ubuntu/workspace/blogcf/vendor/laravel/framework/src/Illuminate/Routing/Pipeline.php:52
[25-Aug-2016 05:20:03 UTC] PHP  46. Illuminate\Routing\Router->Illuminate\Routing\{closure}() /home/ubuntu/workspace/blogcf/vendor/laravel/framework/src/Illuminate/Routing/Pipeline.php:52
[25-Aug-2016 05:20:03 UTC] PHP  47. Illuminate\Routing\Router->prepareResponse() /home/ubuntu/workspace/blogcf/vendor/laravel/framework/src/Illuminate/Routing/Router.php:725
[25-Aug-2016 05:20:03 UTC] PHP  48. Symfony\Component\HttpFoundation\Response->__construct() /home/ubuntu/workspace/blogcf/vendor/laravel/framework/src/Illuminate/Routing/Router.php:1085
[25-Aug-2016 05:20:03 UTC] PHP  49. Illuminate\Http\Response->setContent() /home/ubuntu/workspace/blogcf/vendor/symfony/http-foundation/Response.php:201
[25-Aug-2016 05:20:03 UTC] PHP  50. Illuminate\View\View->render() /home/ubuntu/workspace/blogcf/vendor/laravel/framework/src/Illuminate/Http/Response.php:53
[25-Aug-2016 05:20:03 UTC] PHP  51. Illuminate\View\View->renderContents() /home/ubuntu/workspace/blogcf/vendor/laravel/framework/src/Illuminate/View/View.php:85
[25-Aug-2016 05:20:03 UTC] PHP  52. Illuminate\View\View->getContents() /home/ubuntu/workspace/blogcf/vendor/laravel/framework/src/Illuminate/View/View.php:120
[25-Aug-2016 05:20:03 UTC] PHP  53. Illuminate\View\Engines\CompilerEngine->get() /home/ubuntu/workspace/blogcf/vendor/laravel/framework/src/Illuminate/View/View.php:149
[25-Aug-2016 05:20:03 UTC] PHP  54. Illuminate\View\Engines\PhpEngine->evaluatePath() /home/ubuntu/workspace/blogcf/vendor/laravel/framework/src/Illuminate/View/Engines/CompilerEngine.php:59
[25-Aug-2016 05:20:03 UTC] PHP  55. include() /home/ubuntu/workspace/blogcf/vendor/laravel/framework/src/Illuminate/View/Engines/PhpEngine.php:42
[25-Aug-2016 05:20:03 UTC] PHP  56. Illuminate\View\View->render() /home/ubuntu/workspace/blogcf/storage/framework/views/5e954960330f1a52c1c4dcd7bdd3acc461a68b1e.php:6
[25-Aug-2016 05:20:03 UTC] PHP  57. Illuminate\View\View->renderContents() /home/ubuntu/workspace/blogcf/vendor/laravel/framework/src/Illuminate/View/View.php:85
[25-Aug-2016 05:20:03 UTC] PHP  58. Illuminate\View\View->getContents() /home/ubuntu/workspace/blogcf/vendor/laravel/framework/src/Illuminate/View/View.php:120
[25-Aug-2016 05:20:03 UTC] PHP  59. Illuminate\View\Engines\CompilerEngine->get() /home/ubuntu/workspace/blogcf/vendor/laravel/framework/src/Illuminate/View/View.php:149
[25-Aug-2016 05:20:03 UTC] PHP  60. Illuminate\View\Engines\PhpEngine->evaluatePath() /home/ubuntu/workspace/blogcf/vendor/laravel/framework/src/Illuminate/View/Engines/CompilerEngine.php:59
[25-Aug-2016 05:20:03 UTC] PHP  61. include() /home/ubuntu/workspace/blogcf/vendor/laravel/framework/src/Illuminate/View/Engines/PhpEngine.php:42
[25-Aug-2016 05:31:37 UTC] PHP Parse error:  syntax error, unexpected ';' in /home/ubuntu/workspace/blogcf/storage/framework/views/76ee978405b654be73dc9a8f9c2c54b8ba410bb2.php on line 13
[25-Aug-2016 05:31:37 UTC] PHP Stack trace:
[25-Aug-2016 05:31:37 UTC] PHP   1. {main}() /home/ubuntu/workspace/blogcf/public/index.php:0
[25-Aug-2016 05:31:37 UTC] PHP   2. Illuminate\Foundation\Http\Kernel->handle() /home/ubuntu/workspace/blogcf/public/index.php:54
[25-Aug-2016 05:31:37 UTC] PHP   3. Illuminate\Foundation\Http\Kernel->sendRequestThroughRouter() /home/ubuntu/workspace/blogcf/vendor/laravel/framework/src/Illuminate/Foundation/Http/Kernel.php:99
[25-Aug-2016 05:31:37 UTC] PHP   4. Illuminate\Pipeline\Pipeline->then() /home/ubuntu/workspace/blogcf/vendor/laravel/framework/src/Illuminate/Foundation/Http/Kernel.php:132
[25-Aug-2016 05:31:37 UTC] PHP   5. call_user_func:{/home/ubuntu/workspace/blogcf/vendor/laravel/framework/src/Illuminate/Pipeline/Pipeline.php:103}() /home/ubuntu/workspace/blogcf/vendor/laravel/framework/src/Illuminate/Pipeline/Pipeline.php:103
[25-Aug-2016 05:31:37 UTC] PHP   6. Illuminate\Routing\Pipeline->Illuminate\Routing\{closure}() /home/ubuntu/workspace/blogcf/vendor/laravel/framework/src/Illuminate/Pipeline/Pipeline.php:103
[25-Aug-2016 05:31:37 UTC] PHP   7. call_user_func:{/home/ubuntu/workspace/blogcf/vendor/laravel/framework/src/Illuminate/Routing/Pipeline.php:32}() /home/ubuntu/workspace/blogcf/vendor/laravel/framework/src/Illuminate/Routing/Pipeline.php:32
[25-Aug-2016 05:31:37 UTC] PHP   8. Illuminate\Pipeline\Pipeline->Illuminate\Pipeline\{closure}() /home/ubuntu/workspace/blogcf/vendor/laravel/framework/src/Illuminate/Routing/Pipeline.php:32
[25-Aug-2016 05:31:37 UTC] PHP   9. call_user_func_array:{/home/ubuntu/workspace/blogcf/vendor/laravel/framework/src/Illuminate/Pipeline/Pipeline.php:136}() /home/ubuntu/workspace/blogcf/vendor/laravel/framework/src/Illuminate/Pipeline/Pipeline.php:136
[25-Aug-2016 05:31:37 UTC] PHP  10. Illuminate\Foundation\Http\Middleware\CheckForMaintenanceMode->handle() /home/ubuntu/workspace/blogcf/vendor/laravel/framework/src/Illuminate/Pipeline/Pipeline.php:136
[25-Aug-2016 05:31:37 UTC] PHP  11. Illuminate\Routing\Pipeline->Illuminate\Routing\{closure}() /home/ubuntu/workspace/blogcf/vendor/laravel/framework/src/Illuminate/Foundation/Http/Middleware/CheckForMaintenanceMode.php:44
[25-Aug-2016 05:31:37 UTC] PHP  12. call_user_func:{/home/ubuntu/workspace/blogcf/vendor/laravel/framework/src/Illuminate/Routing/Pipeline.php:52}() /home/ubuntu/workspace/blogcf/vendor/laravel/framework/src/Illuminate/Routing/Pipeline.php:52
[25-Aug-2016 05:31:37 UTC] PHP  13. Illuminate\Foundation\Http\Kernel->Illuminate\Foundation\Http\{closure}() /home/ubuntu/workspace/blogcf/vendor/laravel/framework/src/Illuminate/Routing/Pipeline.php:52
[25-Aug-2016 05:31:37 UTC] PHP  14. Illuminate\Routing\Router->dispatch() /home/ubuntu/workspace/blogcf/vendor/laravel/framework/src/Illuminate/Foundation/Http/Kernel.php:246
[25-Aug-2016 05:31:37 UTC] PHP  15. Illuminate\Routing\Router->dispatchToRoute() /home/ubuntu/workspace/blogcf/vendor/laravel/framework/src/Illuminate/Routing/Router.php:675
[25-Aug-2016 05:31:37 UTC] PHP  16. Illuminate\Routing\Router->runRouteWithinStack() /home/ubuntu/workspace/blogcf/vendor/laravel/framework/src/Illuminate/Routing/Router.php:699
[25-Aug-2016 05:31:37 UTC] PHP  17. Illuminate\Pipeline\Pipeline->then() /home/ubuntu/workspace/blogcf/vendor/laravel/framework/src/Illuminate/Routing/Router.php:726
[25-Aug-2016 05:31:37 UTC] PHP  18. call_user_func:{/home/ubuntu/workspace/blogcf/vendor/laravel/framework/src/Illuminate/Pipeline/Pipeline.php:103}() /home/ubuntu/workspace/blogcf/vendor/laravel/framework/src/Illuminate/Pipeline/Pipeline.php:103
[25-Aug-2016 05:31:37 UTC] PHP  19. Illuminate\Routing\Pipeline->Illuminate\Routing\{closure}() /home/ubuntu/workspace/blogcf/vendor/laravel/framework/src/Illuminate/Pipeline/Pipeline.php:103
[25-Aug-2016 05:31:37 UTC] PHP  20. call_user_func:{/home/ubuntu/workspace/blogcf/vendor/laravel/framework/src/Illuminate/Routing/Pipeline.php:32}() /home/ubuntu/workspace/blogcf/vendor/laravel/framework/src/Illuminate/Routing/Pipeline.php:32
[25-Aug-2016 05:31:37 UTC] PHP  21. Illuminate\Pipeline\Pipeline->Illuminate\Pipeline\{closure}() /home/ubuntu/workspace/blogcf/vendor/laravel/framework/src/Illuminate/Routing/Pipeline.php:32
[25-Aug-2016 05:31:37 UTC] PHP  22. call_user_func_array:{/home/ubuntu/workspace/blogcf/vendor/laravel/framework/src/Illuminate/Pipeline/Pipeline.php:136}() /home/ubuntu/workspace/blogcf/vendor/laravel/framework/src/Illuminate/Pipeline/Pipeline.php:136
[25-Aug-2016 05:31:37 UTC] PHP  23. Illuminate\Cookie\Middleware\EncryptCookies->handle() /home/ubuntu/workspace/blogcf/vendor/laravel/framework/src/Illuminate/Pipeline/Pipeline.php:136
[25-Aug-2016 05:31:37 UTC] PHP  24. Illuminate\Routing\Pipeline->Illuminate\Routing\{closure}() /home/ubuntu/workspace/blogcf/vendor/laravel/framework/src/Illuminate/Cookie/Middleware/EncryptCookies.php:59
[25-Aug-2016 05:31:37 UTC] PHP  25. call_user_func:{/home/ubuntu/workspace/blogcf/vendor/laravel/framework/src/Illuminate/Routing/Pipeline.php:32}() /home/ubuntu/workspace/blogcf/vendor/laravel/framework/src/Illuminate/Routing/Pipeline.php:32
[25-Aug-2016 05:31:37 UTC] PHP  26. Illuminate\Pipeline\Pipeline->Illuminate\Pipeline\{closure}() /home/ubuntu/workspace/blogcf/vendor/laravel/framework/src/Illuminate/Routing/Pipeline.php:32
[25-Aug-2016 05:31:37 UTC] PHP  27. call_user_func_array:{/home/ubuntu/workspace/blogcf/vendor/laravel/framework/src/Illuminate/Pipeline/Pipeline.php:136}() /home/ubuntu/workspace/blogcf/vendor/laravel/framework/src/Illuminate/Pipeline/Pipeline.php:136
[25-Aug-2016 05:31:37 UTC] PHP  28. Illuminate\Cookie\Middleware\AddQueuedCookiesToResponse->handle() /home/ubuntu/workspace/blogcf/vendor/laravel/framework/src/Illuminate/Pipeline/Pipeline.php:136
[25-Aug-2016 05:31:37 UTC] PHP  29. Illuminate\Routing\Pipeline->Illuminate\Routing\{closure}() /home/ubuntu/workspace/blogcf/vendor/laravel/framework/src/Illuminate/Cookie/Middleware/AddQueuedCookiesToResponse.php:37
[25-Aug-2016 05:31:37 UTC] PHP  30. call_user_func:{/home/ubuntu/workspace/blogcf/vendor/laravel/framework/src/Illuminate/Routing/Pipeline.php:32}() /home/ubuntu/workspace/blogcf/vendor/laravel/framework/src/Illuminate/Routing/Pipeline.php:32
[25-Aug-2016 05:31:37 UTC] PHP  31. Illuminate\Pipeline\Pipeline->Illuminate\Pipeline\{closure}() /home/ubuntu/workspace/blogcf/vendor/laravel/framework/src/Illuminate/Routing/Pipeline.php:32
[25-Aug-2016 05:31:37 UTC] PHP  32. call_user_func_array:{/home/ubuntu/workspace/blogcf/vendor/laravel/framework/src/Illuminate/Pipeline/Pipeline.php:136}() /home/ubuntu/workspace/blogcf/vendor/laravel/framework/src/Illuminate/Pipeline/Pipeline.php:136
[25-Aug-2016 05:31:37 UTC] PHP  33. Illuminate\Session\Middleware\StartSession->handle() /home/ubuntu/workspace/blogcf/vendor/laravel/framework/src/Illuminate/Pipeline/Pipeline.php:136
[25-Aug-2016 05:31:37 UTC] PHP  34. Illuminate\Routing\Pipeline->Illuminate\Routing\{closure}() /home/ubuntu/workspace/blogcf/vendor/laravel/framework/src/Illuminate/Session/Middleware/StartSession.php:64
[25-Aug-2016 05:31:37 UTC] PHP  35. call_user_func:{/home/ubuntu/workspace/blogcf/vendor/laravel/framework/src/Illuminate/Routing/Pipeline.php:32}() /home/ubuntu/workspace/blogcf/vendor/laravel/framework/src/Illuminate/Routing/Pipeline.php:32
[25-Aug-2016 05:31:37 UTC] PHP  36. Illuminate\Pipeline\Pipeline->Illuminate\Pipeline\{closure}() /home/ubuntu/workspace/blogcf/vendor/laravel/framework/src/Illuminate/Routing/Pipeline.php:32
[25-Aug-2016 05:31:37 UTC] PHP  37. call_user_func_array:{/home/ubuntu/workspace/blogcf/vendor/laravel/framework/src/Illuminate/Pipeline/Pipeline.php:136}() /home/ubuntu/workspace/blogcf/vendor/laravel/framework/src/Illuminate/Pipeline/Pipeline.php:136
[25-Aug-2016 05:31:37 UTC] PHP  38. Illuminate\View\Middleware\ShareErrorsFromSession->handle() /home/ubuntu/workspace/blogcf/vendor/laravel/framework/src/Illuminate/Pipeline/Pipeline.php:136
[25-Aug-2016 05:31:37 UTC] PHP  39. Illuminate\Routing\Pipeline->Illuminate\Routing\{closure}() /home/ubuntu/workspace/blogcf/vendor/laravel/framework/src/Illuminate/View/Middleware/ShareErrorsFromSession.php:49
[25-Aug-2016 05:31:37 UTC] PHP  40. call_user_func:{/home/ubuntu/workspace/blogcf/vendor/laravel/framework/src/Illuminate/Routing/Pipeline.php:32}() /home/ubuntu/workspace/blogcf/vendor/laravel/framework/src/Illuminate/Routing/Pipeline.php:32
[25-Aug-2016 05:31:37 UTC] PHP  41. Illuminate\Pipeline\Pipeline->Illuminate\Pipeline\{closure}() /home/ubuntu/workspace/blogcf/vendor/laravel/framework/src/Illuminate/Routing/Pipeline.php:32
[25-Aug-2016 05:31:37 UTC] PHP  42. call_user_func_array:{/home/ubuntu/workspace/blogcf/vendor/laravel/framework/src/Illuminate/Pipeline/Pipeline.php:136}() /home/ubuntu/workspace/blogcf/vendor/laravel/framework/src/Illuminate/Pipeline/Pipeline.php:136
[25-Aug-2016 05:31:37 UTC] PHP  43. Illuminate\Foundation\Http\Middleware\VerifyCsrfToken->handle() /home/ubuntu/workspace/blogcf/vendor/laravel/framework/src/Illuminate/Pipeline/Pipeline.php:136
[25-Aug-2016 05:31:37 UTC] PHP  44. Illuminate\Routing\Pipeline->Illuminate\Routing\{closure}() /home/ubuntu/workspace/blogcf/vendor/laravel/framework/src/Illuminate/Foundation/Http/Middleware/VerifyCsrfToken.php:64
[25-Aug-2016 05:31:37 UTC] PHP  45. call_user_func:{/home/ubuntu/workspace/blogcf/vendor/laravel/framework/src/Illuminate/Routing/Pipeline.php:52}() /home/ubuntu/workspace/blogcf/vendor/laravel/framework/src/Illuminate/Routing/Pipeline.php:52
[25-Aug-2016 05:31:37 UTC] PHP  46. Illuminate\Routing\Router->Illuminate\Routing\{closure}() /home/ubuntu/workspace/blogcf/vendor/laravel/framework/src/Illuminate/Routing/Pipeline.php:52
[25-Aug-2016 05:31:37 UTC] PHP  47. Illuminate\Routing\Router->prepareResponse() /home/ubuntu/workspace/blogcf/vendor/laravel/framework/src/Illuminate/Routing/Router.php:725
[25-Aug-2016 05:31:37 UTC] PHP  48. Symfony\Component\HttpFoundation\Response->__construct() /home/ubuntu/workspace/blogcf/vendor/laravel/framework/src/Illuminate/Routing/Router.php:1085
[25-Aug-2016 05:31:37 UTC] PHP  49. Illuminate\Http\Response->setContent() /home/ubuntu/workspace/blogcf/vendor/symfony/http-foundation/Response.php:201
[25-Aug-2016 05:31:37 UTC] PHP  50. Illuminate\View\View->render() /home/ubuntu/workspace/blogcf/vendor/laravel/framework/src/Illuminate/Http/Response.php:53
[25-Aug-2016 05:31:37 UTC] PHP  51. Illuminate\View\View->renderContents() /home/ubuntu/workspace/blogcf/vendor/laravel/framework/src/Illuminate/View/View.php:85
[25-Aug-2016 05:31:37 UTC] PHP  52. Illuminate\View\View->getContents() /home/ubuntu/workspace/blogcf/vendor/laravel/framework/src/Illuminate/View/View.php:120
[25-Aug-2016 05:31:37 UTC] PHP  53. Illuminate\View\Engines\CompilerEngine->get() /home/ubuntu/workspace/blogcf/vendor/laravel/framework/src/Illuminate/View/View.php:149
[25-Aug-2016 05:31:37 UTC] PHP  54. Illuminate\View\Engines\PhpEngine->evaluatePath() /home/ubuntu/workspace/blogcf/vendor/laravel/framework/src/Illuminate/View/Engines/CompilerEngine.php:59
[25-Aug-2016 05:31:37 UTC] PHP  55. include() /home/ubuntu/workspace/blogcf/vendor/laravel/framework/src/Illuminate/View/Engines/PhpEngine.php:42
[25-Aug-2016 05:31:37 UTC] PHP  56. Illuminate\View\View->render() /home/ubuntu/workspace/blogcf/storage/framework/views/5e954960330f1a52c1c4dcd7bdd3acc461a68b1e.php:10
[25-Aug-2016 05:31:37 UTC] PHP  57. Illuminate\View\View->renderContents() /home/ubuntu/workspace/blogcf/vendor/laravel/framework/src/Illuminate/View/View.php:85
[25-Aug-2016 05:31:37 UTC] PHP  58. Illuminate\View\View->getContents() /home/ubuntu/workspace/blogcf/vendor/laravel/framework/src/Illuminate/View/View.php:120
[25-Aug-2016 05:31:37 UTC] PHP  59. Illuminate\View\Engines\CompilerEngine->get() /home/ubuntu/workspace/blogcf/vendor/laravel/framework/src/Illuminate/View/View.php:149
[25-Aug-2016 05:31:37 UTC] PHP  60. Illuminate\View\Engines\PhpEngine->evaluatePath() /home/ubuntu/workspace/blogcf/vendor/laravel/framework/src/Illuminate/View/Engines/CompilerEngine.php:59
[25-Aug-2016 05:31:40 UTC] PHP Parse error:  syntax error, unexpected ';' in /home/ubuntu/workspace/blogcf/storage/framework/views/76ee978405b654be73dc9a8f9c2c54b8ba410bb2.php on line 13
[25-Aug-2016 05:31:40 UTC] PHP Stack trace:
[25-Aug-2016 05:31:40 UTC] PHP   1. {main}() /home/ubuntu/workspace/blogcf/public/index.php:0
[25-Aug-2016 05:31:40 UTC] PHP   2. Illuminate\Foundation\Http\Kernel->handle() /home/ubuntu/workspace/blogcf/public/index.php:54
[25-Aug-2016 05:31:40 UTC] PHP   3. Illuminate\Foundation\Http\Kernel->sendRequestThroughRouter() /home/ubuntu/workspace/blogcf/vendor/laravel/framework/src/Illuminate/Foundation/Http/Kernel.php:99
[25-Aug-2016 05:31:40 UTC] PHP   4. Illuminate\Pipeline\Pipeline->then() /home/ubuntu/workspace/blogcf/vendor/laravel/framework/src/Illuminate/Foundation/Http/Kernel.php:132
[25-Aug-2016 05:31:40 UTC] PHP   5. call_user_func:{/home/ubuntu/workspace/blogcf/vendor/laravel/framework/src/Illuminate/Pipeline/Pipeline.php:103}() /home/ubuntu/workspace/blogcf/vendor/laravel/framework/src/Illuminate/Pipeline/Pipeline.php:103
[25-Aug-2016 05:31:40 UTC] PHP   6. Illuminate\Routing\Pipeline->Illuminate\Routing\{closure}() /home/ubuntu/workspace/blogcf/vendor/laravel/framework/src/Illuminate/Pipeline/Pipeline.php:103
[25-Aug-2016 05:31:40 UTC] PHP   7. call_user_func:{/home/ubuntu/workspace/blogcf/vendor/laravel/framework/src/Illuminate/Routing/Pipeline.php:32}() /home/ubuntu/workspace/blogcf/vendor/laravel/framework/src/Illuminate/Routing/Pipeline.php:32
[25-Aug-2016 05:31:40 UTC] PHP   8. Illuminate\Pipeline\Pipeline->Illuminate\Pipeline\{closure}() /home/ubuntu/workspace/blogcf/vendor/laravel/framework/src/Illuminate/Routing/Pipeline.php:32
[25-Aug-2016 05:31:40 UTC] PHP   9. call_user_func_array:{/home/ubuntu/workspace/blogcf/vendor/laravel/framework/src/Illuminate/Pipeline/Pipeline.php:136}() /home/ubuntu/workspace/blogcf/vendor/laravel/framework/src/Illuminate/Pipeline/Pipeline.php:136
[25-Aug-2016 05:31:40 UTC] PHP  10. Illuminate\Foundation\Http\Middleware\CheckForMaintenanceMode->handle() /home/ubuntu/workspace/blogcf/vendor/laravel/framework/src/Illuminate/Pipeline/Pipeline.php:136
[25-Aug-2016 05:31:40 UTC] PHP  11. Illuminate\Routing\Pipeline->Illuminate\Routing\{closure}() /home/ubuntu/workspace/blogcf/vendor/laravel/framework/src/Illuminate/Foundation/Http/Middleware/CheckForMaintenanceMode.php:44
[25-Aug-2016 05:31:40 UTC] PHP  12. call_user_func:{/home/ubuntu/workspace/blogcf/vendor/laravel/framework/src/Illuminate/Routing/Pipeline.php:52}() /home/ubuntu/workspace/blogcf/vendor/laravel/framework/src/Illuminate/Routing/Pipeline.php:52
[25-Aug-2016 05:31:40 UTC] PHP  13. Illuminate\Foundation\Http\Kernel->Illuminate\Foundation\Http\{closure}() /home/ubuntu/workspace/blogcf/vendor/laravel/framework/src/Illuminate/Routing/Pipeline.php:52
[25-Aug-2016 05:31:40 UTC] PHP  14. Illuminate\Routing\Router->dispatch() /home/ubuntu/workspace/blogcf/vendor/laravel/framework/src/Illuminate/Foundation/Http/Kernel.php:246
[25-Aug-2016 05:31:40 UTC] PHP  15. Illuminate\Routing\Router->dispatchToRoute() /home/ubuntu/workspace/blogcf/vendor/laravel/framework/src/Illuminate/Routing/Router.php:675
[25-Aug-2016 05:31:40 UTC] PHP  16. Illuminate\Routing\Router->runRouteWithinStack() /home/ubuntu/workspace/blogcf/vendor/laravel/framework/src/Illuminate/Routing/Router.php:699
[25-Aug-2016 05:31:40 UTC] PHP  17. Illuminate\Pipeline\Pipeline->then() /home/ubuntu/workspace/blogcf/vendor/laravel/framework/src/Illuminate/Routing/Router.php:726
[25-Aug-2016 05:31:40 UTC] PHP  18. call_user_func:{/home/ubuntu/workspace/blogcf/vendor/laravel/framework/src/Illuminate/Pipeline/Pipeline.php:103}() /home/ubuntu/workspace/blogcf/vendor/laravel/framework/src/Illuminate/Pipeline/Pipeline.php:103
[25-Aug-2016 05:31:40 UTC] PHP  19. Illuminate\Routing\Pipeline->Illuminate\Routing\{closure}() /home/ubuntu/workspace/blogcf/vendor/laravel/framework/src/Illuminate/Pipeline/Pipeline.php:103
[25-Aug-2016 05:31:40 UTC] PHP  20. call_user_func:{/home/ubuntu/workspace/blogcf/vendor/laravel/framework/src/Illuminate/Routing/Pipeline.php:32}() /home/ubuntu/workspace/blogcf/vendor/laravel/framework/src/Illuminate/Routing/Pipeline.php:32
[25-Aug-2016 05:31:40 UTC] PHP  21. Illuminate\Pipeline\Pipeline->Illuminate\Pipeline\{closure}() /home/ubuntu/workspace/blogcf/vendor/laravel/framework/src/Illuminate/Routing/Pipeline.php:32
[25-Aug-2016 05:31:40 UTC] PHP  22. call_user_func_array:{/home/ubuntu/workspace/blogcf/vendor/laravel/framework/src/Illuminate/Pipeline/Pipeline.php:136}() /home/ubuntu/workspace/blogcf/vendor/laravel/framework/src/Illuminate/Pipeline/Pipeline.php:136
[25-Aug-2016 05:31:40 UTC] PHP  23. Illuminate\Cookie\Middleware\EncryptCookies->handle() /home/ubuntu/workspace/blogcf/vendor/laravel/framework/src/Illuminate/Pipeline/Pipeline.php:136
[25-Aug-2016 05:31:40 UTC] PHP  24. Illuminate\Routing\Pipeline->Illuminate\Routing\{closure}() /home/ubuntu/workspace/blogcf/vendor/laravel/framework/src/Illuminate/Cookie/Middleware/EncryptCookies.php:59
[25-Aug-2016 05:31:40 UTC] PHP  25. call_user_func:{/home/ubuntu/workspace/blogcf/vendor/laravel/framework/src/Illuminate/Routing/Pipeline.php:32}() /home/ubuntu/workspace/blogcf/vendor/laravel/framework/src/Illuminate/Routing/Pipeline.php:32
[25-Aug-2016 05:31:40 UTC] PHP  26. Illuminate\Pipeline\Pipeline->Illuminate\Pipeline\{closure}() /home/ubuntu/workspace/blogcf/vendor/laravel/framework/src/Illuminate/Routing/Pipeline.php:32
[25-Aug-2016 05:31:40 UTC] PHP  27. call_user_func_array:{/home/ubuntu/workspace/blogcf/vendor/laravel/framework/src/Illuminate/Pipeline/Pipeline.php:136}() /home/ubuntu/workspace/blogcf/vendor/laravel/framework/src/Illuminate/Pipeline/Pipeline.php:136
[25-Aug-2016 05:31:40 UTC] PHP  28. Illuminate\Cookie\Middleware\AddQueuedCookiesToResponse->handle() /home/ubuntu/workspace/blogcf/vendor/laravel/framework/src/Illuminate/Pipeline/Pipeline.php:136
[25-Aug-2016 05:31:40 UTC] PHP  29. Illuminate\Routing\Pipeline->Illuminate\Routing\{closure}() /home/ubuntu/workspace/blogcf/vendor/laravel/framework/src/Illuminate/Cookie/Middleware/AddQueuedCookiesToResponse.php:37
[25-Aug-2016 05:31:40 UTC] PHP  30. call_user_func:{/home/ubuntu/workspace/blogcf/vendor/laravel/framework/src/Illuminate/Routing/Pipeline.php:32}() /home/ubuntu/workspace/blogcf/vendor/laravel/framework/src/Illuminate/Routing/Pipeline.php:32
[25-Aug-2016 05:31:40 UTC] PHP  31. Illuminate\Pipeline\Pipeline->Illuminate\Pipeline\{closure}() /home/ubuntu/workspace/blogcf/vendor/laravel/framework/src/Illuminate/Routing/Pipeline.php:32
[25-Aug-2016 05:31:40 UTC] PHP  32. call_user_func_array:{/home/ubuntu/workspace/blogcf/vendor/laravel/framework/src/Illuminate/Pipeline/Pipeline.php:136}() /home/ubuntu/workspace/blogcf/vendor/laravel/framework/src/Illuminate/Pipeline/Pipeline.php:136
[25-Aug-2016 05:31:40 UTC] PHP  33. Illuminate\Session\Middleware\StartSession->handle() /home/ubuntu/workspace/blogcf/vendor/laravel/framework/src/Illuminate/Pipeline/Pipeline.php:136
[25-Aug-2016 05:31:40 UTC] PHP  34. Illuminate\Routing\Pipeline->Illuminate\Routing\{closure}() /home/ubuntu/workspace/blogcf/vendor/laravel/framework/src/Illuminate/Session/Middleware/StartSession.php:64
[25-Aug-2016 05:31:40 UTC] PHP  35. call_user_func:{/home/ubuntu/workspace/blogcf/vendor/laravel/framework/src/Illuminate/Routing/Pipeline.php:32}() /home/ubuntu/workspace/blogcf/vendor/laravel/framework/src/Illuminate/Routing/Pipeline.php:32
[25-Aug-2016 05:31:40 UTC] PHP  36. Illuminate\Pipeline\Pipeline->Illuminate\Pipeline\{closure}() /home/ubuntu/workspace/blogcf/vendor/laravel/framework/src/Illuminate/Routing/Pipeline.php:32
[25-Aug-2016 05:31:40 UTC] PHP  37. call_user_func_array:{/home/ubuntu/workspace/blogcf/vendor/laravel/framework/src/Illuminate/Pipeline/Pipeline.php:136}() /home/ubuntu/workspace/blogcf/vendor/laravel/framework/src/Illuminate/Pipeline/Pipeline.php:136
[25-Aug-2016 05:31:40 UTC] PHP  38. Illuminate\View\Middleware\ShareErrorsFromSession->handle() /home/ubuntu/workspace/blogcf/vendor/laravel/framework/src/Illuminate/Pipeline/Pipeline.php:136
[25-Aug-2016 05:31:40 UTC] PHP  39. Illuminate\Routing\Pipeline->Illuminate\Routing\{closure}() /home/ubuntu/workspace/blogcf/vendor/laravel/framework/src/Illuminate/View/Middleware/ShareErrorsFromSession.php:49
[25-Aug-2016 05:31:40 UTC] PHP  40. call_user_func:{/home/ubuntu/workspace/blogcf/vendor/laravel/framework/src/Illuminate/Routing/Pipeline.php:32}() /home/ubuntu/workspace/blogcf/vendor/laravel/framework/src/Illuminate/Routing/Pipeline.php:32
[25-Aug-2016 05:31:40 UTC] PHP  41. Illuminate\Pipeline\Pipeline->Illuminate\Pipeline\{closure}() /home/ubuntu/workspace/blogcf/vendor/laravel/framework/src/Illuminate/Routing/Pipeline.php:32
[25-Aug-2016 05:31:40 UTC] PHP  42. call_user_func_array:{/home/ubuntu/workspace/blogcf/vendor/laravel/framework/src/Illuminate/Pipeline/Pipeline.php:136}() /home/ubuntu/workspace/blogcf/vendor/laravel/framework/src/Illuminate/Pipeline/Pipeline.php:136
[25-Aug-2016 05:31:40 UTC] PHP  43. Illuminate\Foundation\Http\Middleware\VerifyCsrfToken->handle() /home/ubuntu/workspace/blogcf/vendor/laravel/framework/src/Illuminate/Pipeline/Pipeline.php:136
[25-Aug-2016 05:31:40 UTC] PHP  44. Illuminate\Routing\Pipeline->Illuminate\Routing\{closure}() /home/ubuntu/workspace/blogcf/vendor/laravel/framework/src/Illuminate/Foundation/Http/Middleware/VerifyCsrfToken.php:64
[25-Aug-2016 05:31:40 UTC] PHP  45. call_user_func:{/home/ubuntu/workspace/blogcf/vendor/laravel/framework/src/Illuminate/Routing/Pipeline.php:52}() /home/ubuntu/workspace/blogcf/vendor/laravel/framework/src/Illuminate/Routing/Pipeline.php:52
[25-Aug-2016 05:31:40 UTC] PHP  46. Illuminate\Routing\Router->Illuminate\Routing\{closure}() /home/ubuntu/workspace/blogcf/vendor/laravel/framework/src/Illuminate/Routing/Pipeline.php:52
[25-Aug-2016 05:31:40 UTC] PHP  47. Illuminate\Routing\Router->prepareResponse() /home/ubuntu/workspace/blogcf/vendor/laravel/framework/src/Illuminate/Routing/Router.php:725
[25-Aug-2016 05:31:40 UTC] PHP  48. Symfony\Component\HttpFoundation\Response->__construct() /home/ubuntu/workspace/blogcf/vendor/laravel/framework/src/Illuminate/Routing/Router.php:1085
[25-Aug-2016 05:31:40 UTC] PHP  49. Illuminate\Http\Response->setContent() /home/ubuntu/workspace/blogcf/vendor/symfony/http-foundation/Response.php:201
[25-Aug-2016 05:31:40 UTC] PHP  50. Illuminate\View\View->render() /home/ubuntu/workspace/blogcf/vendor/laravel/framework/src/Illuminate/Http/Response.php:53
[25-Aug-2016 05:31:40 UTC] PHP  51. Illuminate\View\View->renderContents() /home/ubuntu/workspace/blogcf/vendor/laravel/framework/src/Illuminate/View/View.php:85
[25-Aug-2016 05:31:40 UTC] PHP  52. Illuminate\View\View->getContents() /home/ubuntu/workspace/blogcf/vendor/laravel/framework/src/Illuminate/View/View.php:120
[25-Aug-2016 05:31:40 UTC] PHP  53. Illuminate\View\Engines\CompilerEngine->get() /home/ubuntu/workspace/blogcf/vendor/laravel/framework/src/Illuminate/View/View.php:149
[25-Aug-2016 05:31:40 UTC] PHP  54. Illuminate\View\Engines\PhpEngine->evaluatePath() /home/ubuntu/workspace/blogcf/vendor/laravel/framework/src/Illuminate/View/Engines/CompilerEngine.php:59
[25-Aug-2016 05:31:40 UTC] PHP  55. include() /home/ubuntu/workspace/blogcf/vendor/laravel/framework/src/Illuminate/View/Engines/PhpEngine.php:42
[25-Aug-2016 05:31:40 UTC] PHP  56. Illuminate\View\View->render() /home/ubuntu/workspace/blogcf/storage/framework/views/5e954960330f1a52c1c4dcd7bdd3acc461a68b1e.php:10
[25-Aug-2016 05:31:40 UTC] PHP  57. Illuminate\View\View->renderContents() /home/ubuntu/workspace/blogcf/vendor/laravel/framework/src/Illuminate/View/View.php:85
[25-Aug-2016 05:31:40 UTC] PHP  58. Illuminate\View\View->getContents() /home/ubuntu/workspace/blogcf/vendor/laravel/framework/src/Illuminate/View/View.php:120
[25-Aug-2016 05:31:40 UTC] PHP  59. Illuminate\View\Engines\CompilerEngine->get() /home/ubuntu/workspace/blogcf/vendor/laravel/framework/src/Illuminate/View/View.php:149
[25-Aug-2016 05:31:40 UTC] PHP  60. Illuminate\View\Engines\PhpEngine->evaluatePath() /home/ubuntu/workspace/blogcf/vendor/laravel/framework/src/Illuminate/View/Engines/CompilerEngine.php:59
[25-Aug-2016 05:31:59 UTC] PHP Parse error:  syntax error, unexpected ';' in /home/ubuntu/workspace/blogcf/storage/framework/views/76ee978405b654be73dc9a8f9c2c54b8ba410bb2.php on line 13
[25-Aug-2016 05:31:59 UTC] PHP Stack trace:
[25-Aug-2016 05:31:59 UTC] PHP   1. {main}() /home/ubuntu/workspace/blogcf/public/index.php:0
[25-Aug-2016 05:31:59 UTC] PHP   2. Illuminate\Foundation\Http\Kernel->handle() /home/ubuntu/workspace/blogcf/public/index.php:54
[25-Aug-2016 05:31:59 UTC] PHP   3. Illuminate\Foundation\Http\Kernel->sendRequestThroughRouter() /home/ubuntu/workspace/blogcf/vendor/laravel/framework/src/Illuminate/Foundation/Http/Kernel.php:99
[25-Aug-2016 05:31:59 UTC] PHP   4. Illuminate\Pipeline\Pipeline->then() /home/ubuntu/workspace/blogcf/vendor/laravel/framework/src/Illuminate/Foundation/Http/Kernel.php:132
[25-Aug-2016 05:31:59 UTC] PHP   5. call_user_func:{/home/ubuntu/workspace/blogcf/vendor/laravel/framework/src/Illuminate/Pipeline/Pipeline.php:103}() /home/ubuntu/workspace/blogcf/vendor/laravel/framework/src/Illuminate/Pipeline/Pipeline.php:103
[25-Aug-2016 05:31:59 UTC] PHP   6. Illuminate\Routing\Pipeline->Illuminate\Routing\{closure}() /home/ubuntu/workspace/blogcf/vendor/laravel/framework/src/Illuminate/Pipeline/Pipeline.php:103
[25-Aug-2016 05:31:59 UTC] PHP   7. call_user_func:{/home/ubuntu/workspace/blogcf/vendor/laravel/framework/src/Illuminate/Routing/Pipeline.php:32}() /home/ubuntu/workspace/blogcf/vendor/laravel/framework/src/Illuminate/Routing/Pipeline.php:32
[25-Aug-2016 05:31:59 UTC] PHP   8. Illuminate\Pipeline\Pipeline->Illuminate\Pipeline\{closure}() /home/ubuntu/workspace/blogcf/vendor/laravel/framework/src/Illuminate/Routing/Pipeline.php:32
[25-Aug-2016 05:31:59 UTC] PHP   9. call_user_func_array:{/home/ubuntu/workspace/blogcf/vendor/laravel/framework/src/Illuminate/Pipeline/Pipeline.php:136}() /home/ubuntu/workspace/blogcf/vendor/laravel/framework/src/Illuminate/Pipeline/Pipeline.php:136
[25-Aug-2016 05:31:59 UTC] PHP  10. Illuminate\Foundation\Http\Middleware\CheckForMaintenanceMode->handle() /home/ubuntu/workspace/blogcf/vendor/laravel/framework/src/Illuminate/Pipeline/Pipeline.php:136
[25-Aug-2016 05:31:59 UTC] PHP  11. Illuminate\Routing\Pipeline->Illuminate\Routing\{closure}() /home/ubuntu/workspace/blogcf/vendor/laravel/framework/src/Illuminate/Foundation/Http/Middleware/CheckForMaintenanceMode.php:44
[25-Aug-2016 05:31:59 UTC] PHP  12. call_user_func:{/home/ubuntu/workspace/blogcf/vendor/laravel/framework/src/Illuminate/Routing/Pipeline.php:52}() /home/ubuntu/workspace/blogcf/vendor/laravel/framework/src/Illuminate/Routing/Pipeline.php:52
[25-Aug-2016 05:31:59 UTC] PHP  13. Illuminate\Foundation\Http\Kernel->Illuminate\Foundation\Http\{closure}() /home/ubuntu/workspace/blogcf/vendor/laravel/framework/src/Illuminate/Routing/Pipeline.php:52
[25-Aug-2016 05:31:59 UTC] PHP  14. Illuminate\Routing\Router->dispatch() /home/ubuntu/workspace/blogcf/vendor/laravel/framework/src/Illuminate/Foundation/Http/Kernel.php:246
[25-Aug-2016 05:31:59 UTC] PHP  15. Illuminate\Routing\Router->dispatchToRoute() /home/ubuntu/workspace/blogcf/vendor/laravel/framework/src/Illuminate/Routing/Router.php:675
[25-Aug-2016 05:31:59 UTC] PHP  16. Illuminate\Routing\Router->runRouteWithinStack() /home/ubuntu/workspace/blogcf/vendor/laravel/framework/src/Illuminate/Routing/Router.php:699
[25-Aug-2016 05:31:59 UTC] PHP  17. Illuminate\Pipeline\Pipeline->then() /home/ubuntu/workspace/blogcf/vendor/laravel/framework/src/Illuminate/Routing/Router.php:726
[25-Aug-2016 05:31:59 UTC] PHP  18. call_user_func:{/home/ubuntu/workspace/blogcf/vendor/laravel/framework/src/Illuminate/Pipeline/Pipeline.php:103}() /home/ubuntu/workspace/blogcf/vendor/laravel/framework/src/Illuminate/Pipeline/Pipeline.php:103
[25-Aug-2016 05:31:59 UTC] PHP  19. Illuminate\Routing\Pipeline->Illuminate\Routing\{closure}() /home/ubuntu/workspace/blogcf/vendor/laravel/framework/src/Illuminate/Pipeline/Pipeline.php:103
[25-Aug-2016 05:31:59 UTC] PHP  20. call_user_func:{/home/ubuntu/workspace/blogcf/vendor/laravel/framework/src/Illuminate/Routing/Pipeline.php:32}() /home/ubuntu/workspace/blogcf/vendor/laravel/framework/src/Illuminate/Routing/Pipeline.php:32
[25-Aug-2016 05:31:59 UTC] PHP  21. Illuminate\Pipeline\Pipeline->Illuminate\Pipeline\{closure}() /home/ubuntu/workspace/blogcf/vendor/laravel/framework/src/Illuminate/Routing/Pipeline.php:32
[25-Aug-2016 05:31:59 UTC] PHP  22. call_user_func_array:{/home/ubuntu/workspace/blogcf/vendor/laravel/framework/src/Illuminate/Pipeline/Pipeline.php:136}() /home/ubuntu/workspace/blogcf/vendor/laravel/framework/src/Illuminate/Pipeline/Pipeline.php:136
[25-Aug-2016 05:31:59 UTC] PHP  23. Illuminate\Cookie\Middleware\EncryptCookies->handle() /home/ubuntu/workspace/blogcf/vendor/laravel/framework/src/Illuminate/Pipeline/Pipeline.php:136
[25-Aug-2016 05:31:59 UTC] PHP  24. Illuminate\Routing\Pipeline->Illuminate\Routing\{closure}() /home/ubuntu/workspace/blogcf/vendor/laravel/framework/src/Illuminate/Cookie/Middleware/EncryptCookies.php:59
[25-Aug-2016 05:31:59 UTC] PHP  25. call_user_func:{/home/ubuntu/workspace/blogcf/vendor/laravel/framework/src/Illuminate/Routing/Pipeline.php:32}() /home/ubuntu/workspace/blogcf/vendor/laravel/framework/src/Illuminate/Routing/Pipeline.php:32
[25-Aug-2016 05:31:59 UTC] PHP  26. Illuminate\Pipeline\Pipeline->Illuminate\Pipeline\{closure}() /home/ubuntu/workspace/blogcf/vendor/laravel/framework/src/Illuminate/Routing/Pipeline.php:32
[25-Aug-2016 05:31:59 UTC] PHP  27. call_user_func_array:{/home/ubuntu/workspace/blogcf/vendor/laravel/framework/src/Illuminate/Pipeline/Pipeline.php:136}() /home/ubuntu/workspace/blogcf/vendor/laravel/framework/src/Illuminate/Pipeline/Pipeline.php:136
[25-Aug-2016 05:31:59 UTC] PHP  28. Illuminate\Cookie\Middleware\AddQueuedCookiesToResponse->handle() /home/ubuntu/workspace/blogcf/vendor/laravel/framework/src/Illuminate/Pipeline/Pipeline.php:136
[25-Aug-2016 05:31:59 UTC] PHP  29. Illuminate\Routing\Pipeline->Illuminate\Routing\{closure}() /home/ubuntu/workspace/blogcf/vendor/laravel/framework/src/Illuminate/Cookie/Middleware/AddQueuedCookiesToResponse.php:37
[25-Aug-2016 05:31:59 UTC] PHP  30. call_user_func:{/home/ubuntu/workspace/blogcf/vendor/laravel/framework/src/Illuminate/Routing/Pipeline.php:32}() /home/ubuntu/workspace/blogcf/vendor/laravel/framework/src/Illuminate/Routing/Pipeline.php:32
[25-Aug-2016 05:31:59 UTC] PHP  31. Illuminate\Pipeline\Pipeline->Illuminate\Pipeline\{closure}() /home/ubuntu/workspace/blogcf/vendor/laravel/framework/src/Illuminate/Routing/Pipeline.php:32
[25-Aug-2016 05:31:59 UTC] PHP  32. call_user_func_array:{/home/ubuntu/workspace/blogcf/vendor/laravel/framework/src/Illuminate/Pipeline/Pipeline.php:136}() /home/ubuntu/workspace/blogcf/vendor/laravel/framework/src/Illuminate/Pipeline/Pipeline.php:136
[25-Aug-2016 05:31:59 UTC] PHP  33. Illuminate\Session\Middleware\StartSession->handle() /home/ubuntu/workspace/blogcf/vendor/laravel/framework/src/Illuminate/Pipeline/Pipeline.php:136
[25-Aug-2016 05:31:59 UTC] PHP  34. Illuminate\Routing\Pipeline->Illuminate\Routing\{closure}() /home/ubuntu/workspace/blogcf/vendor/laravel/framework/src/Illuminate/Session/Middleware/StartSession.php:64
[25-Aug-2016 05:31:59 UTC] PHP  35. call_user_func:{/home/ubuntu/workspace/blogcf/vendor/laravel/framework/src/Illuminate/Routing/Pipeline.php:32}() /home/ubuntu/workspace/blogcf/vendor/laravel/framework/src/Illuminate/Routing/Pipeline.php:32
[25-Aug-2016 05:31:59 UTC] PHP  36. Illuminate\Pipeline\Pipeline->Illuminate\Pipeline\{closure}() /home/ubuntu/workspace/blogcf/vendor/laravel/framework/src/Illuminate/Routing/Pipeline.php:32
[25-Aug-2016 05:31:59 UTC] PHP  37. call_user_func_array:{/home/ubuntu/workspace/blogcf/vendor/laravel/framework/src/Illuminate/Pipeline/Pipeline.php:136}() /home/ubuntu/workspace/blogcf/vendor/laravel/framework/src/Illuminate/Pipeline/Pipeline.php:136
[25-Aug-2016 05:31:59 UTC] PHP  38. Illuminate\View\Middleware\ShareErrorsFromSession->handle() /home/ubuntu/workspace/blogcf/vendor/laravel/framework/src/Illuminate/Pipeline/Pipeline.php:136
[25-Aug-2016 05:31:59 UTC] PHP  39. Illuminate\Routing\Pipeline->Illuminate\Routing\{closure}() /home/ubuntu/workspace/blogcf/vendor/laravel/framework/src/Illuminate/View/Middleware/ShareErrorsFromSession.php:49
[25-Aug-2016 05:31:59 UTC] PHP  40. call_user_func:{/home/ubuntu/workspace/blogcf/vendor/laravel/framework/src/Illuminate/Routing/Pipeline.php:32}() /home/ubuntu/workspace/blogcf/vendor/laravel/framework/src/Illuminate/Routing/Pipeline.php:32
[25-Aug-2016 05:31:59 UTC] PHP  41. Illuminate\Pipeline\Pipeline->Illuminate\Pipeline\{closure}() /home/ubuntu/workspace/blogcf/vendor/laravel/framework/src/Illuminate/Routing/Pipeline.php:32
[25-Aug-2016 05:31:59 UTC] PHP  42. call_user_func_array:{/home/ubuntu/workspace/blogcf/vendor/laravel/framework/src/Illuminate/Pipeline/Pipeline.php:136}() /home/ubuntu/workspace/blogcf/vendor/laravel/framework/src/Illuminate/Pipeline/Pipeline.php:136
[25-Aug-2016 05:31:59 UTC] PHP  43. Illuminate\Foundation\Http\Middleware\VerifyCsrfToken->handle() /home/ubuntu/workspace/blogcf/vendor/laravel/framework/src/Illuminate/Pipeline/Pipeline.php:136
[25-Aug-2016 05:31:59 UTC] PHP  44. Illuminate\Routing\Pipeline->Illuminate\Routing\{closure}() /home/ubuntu/workspace/blogcf/vendor/laravel/framework/src/Illuminate/Foundation/Http/Middleware/VerifyCsrfToken.php:64
[25-Aug-2016 05:31:59 UTC] PHP  45. call_user_func:{/home/ubuntu/workspace/blogcf/vendor/laravel/framework/src/Illuminate/Routing/Pipeline.php:52}() /home/ubuntu/workspace/blogcf/vendor/laravel/framework/src/Illuminate/Routing/Pipeline.php:52
[25-Aug-2016 05:31:59 UTC] PHP  46. Illuminate\Routing\Router->Illuminate\Routing\{closure}() /home/ubuntu/workspace/blogcf/vendor/laravel/framework/src/Illuminate/Routing/Pipeline.php:52
[25-Aug-2016 05:31:59 UTC] PHP  47. Illuminate\Routing\Router->prepareResponse() /home/ubuntu/workspace/blogcf/vendor/laravel/framework/src/Illuminate/Routing/Router.php:725
[25-Aug-2016 05:31:59 UTC] PHP  48. Symfony\Component\HttpFoundation\Response->__construct() /home/ubuntu/workspace/blogcf/vendor/laravel/framework/src/Illuminate/Routing/Router.php:1085
[25-Aug-2016 05:31:59 UTC] PHP  49. Illuminate\Http\Response->setContent() /home/ubuntu/workspace/blogcf/vendor/symfony/http-foundation/Response.php:201
[25-Aug-2016 05:31:59 UTC] PHP  50. Illuminate\View\View->render() /home/ubuntu/workspace/blogcf/vendor/laravel/framework/src/Illuminate/Http/Response.php:53
[25-Aug-2016 05:31:59 UTC] PHP  51. Illuminate\View\View->renderContents() /home/ubuntu/workspace/blogcf/vendor/laravel/framework/src/Illuminate/View/View.php:85
[25-Aug-2016 05:31:59 UTC] PHP  52. Illuminate\View\View->getContents() /home/ubuntu/workspace/blogcf/vendor/laravel/framework/src/Illuminate/View/View.php:120
[25-Aug-2016 05:31:59 UTC] PHP  53. Illuminate\View\Engines\CompilerEngine->get() /home/ubuntu/workspace/blogcf/vendor/laravel/framework/src/Illuminate/View/View.php:149
[25-Aug-2016 05:31:59 UTC] PHP  54. Illuminate\View\Engines\PhpEngine->evaluatePath() /home/ubuntu/workspace/blogcf/vendor/laravel/framework/src/Illuminate/View/Engines/CompilerEngine.php:59
[25-Aug-2016 05:31:59 UTC] PHP  55. include() /home/ubuntu/workspace/blogcf/vendor/laravel/framework/src/Illuminate/View/Engines/PhpEngine.php:42
[25-Aug-2016 05:31:59 UTC] PHP  56. Illuminate\View\View->render() /home/ubuntu/workspace/blogcf/storage/framework/views/5e954960330f1a52c1c4dcd7bdd3acc461a68b1e.php:10
[25-Aug-2016 05:31:59 UTC] PHP  57. Illuminate\View\View->renderContents() /home/ubuntu/workspace/blogcf/vendor/laravel/framework/src/Illuminate/View/View.php:85
[25-Aug-2016 05:31:59 UTC] PHP  58. Illuminate\View\View->getContents() /home/ubuntu/workspace/blogcf/vendor/laravel/framework/src/Illuminate/View/View.php:120
[25-Aug-2016 05:31:59 UTC] PHP  59. Illuminate\View\Engines\CompilerEngine->get() /home/ubuntu/workspace/blogcf/vendor/laravel/framework/src/Illuminate/View/View.php:149
[25-Aug-2016 05:31:59 UTC] PHP  60. Illuminate\View\Engines\PhpEngine->evaluatePath() /home/ubuntu/workspace/blogcf/vendor/laravel/framework/src/Illuminate/View/Engines/CompilerEngine.php:59
